
AVRASM ver. 2.1.30  D:\robatic\proteos\ping 2\List\p.asm Sun Apr 30 18:49:43 2017

D:\robatic\proteos\ping 2\List\p.asm(1072): warning: Register r4 already defined by the .DEF directive
D:\robatic\proteos\ping 2\List\p.asm(1073): warning: Register r6 already defined by the .DEF directive
D:\robatic\proteos\ping 2\List\p.asm(1074): warning: Register r8 already defined by the .DEF directive
D:\robatic\proteos\ping 2\List\p.asm(1075): warning: Register r10 already defined by the .DEF directive
D:\robatic\proteos\ping 2\List\p.asm(1076): warning: Register r12 already defined by the .DEF directive
                 
                 
                 ;CodeVisionAVR C Compiler V2.05.3 Standard
                 ;(C) Copyright 1998-2011 Pavel Haiduc, HP InfoTech s.r.l.
                 ;http://www.hpinfotech.com
                 
                 ;Chip type                : ATmega16
                 ;Program type             : Application
                 ;Clock frequency          : 8.000000 MHz
                 ;Memory model             : Small
                 ;Optimize for             : Size
                 ;(s)printf features       : int, width
                 ;(s)scanf features        : int, width
                 ;External RAM size        : 0
                 ;Data Stack size          : 256 byte(s)
                 ;Heap size                : 0 byte(s)
                 ;Promote 'char' to 'int'  : Yes
                 ;'char' is unsigned       : Yes
                 ;8 bit enums              : Yes
                 ;Global 'const' stored in FLASH     : No
                 ;Enhanced function parameter passing: Yes
                 ;Enhanced core instructions         : On
                 ;Smart register allocation          : On
                 ;Automatic register allocation      : On
                 
                 	#pragma AVRPART ADMIN PART_NAME ATmega16
                 	#pragma AVRPART MEMORY PROG_FLASH 16384
                 	#pragma AVRPART MEMORY EEPROM 512
                 	#pragma AVRPART MEMORY INT_SRAM SIZE 1119
                 	#pragma AVRPART MEMORY INT_SRAM START_ADDR 0x60
                 
                 	#define CALL_SUPPORTED 1
                 
                 	.LISTMAC
                 	.EQU UDRE=0x5
                 	.EQU RXC=0x7
                 	.EQU USR=0xB
                 	.EQU UDR=0xC
                 	.EQU SPSR=0xE
                 	.EQU SPDR=0xF
                 	.EQU EERE=0x0
                 	.EQU EEWE=0x1
                 	.EQU EEMWE=0x2
                 	.EQU EECR=0x1C
                 	.EQU EEDR=0x1D
                 	.EQU EEARL=0x1E
                 	.EQU EEARH=0x1F
                 	.EQU WDTCR=0x21
                 	.EQU MCUCR=0x35
                 	.EQU GICR=0x3B
                 	.EQU SPL=0x3D
                 	.EQU SPH=0x3E
                 	.EQU SREG=0x3F
                 
                 	.DEF R0X0=R0
                 	.DEF R0X1=R1
                 	.DEF R0X2=R2
                 	.DEF R0X3=R3
                 	.DEF R0X4=R4
                 	.DEF R0X5=R5
                 	.DEF R0X6=R6
                 	.DEF R0X7=R7
                 	.DEF R0X8=R8
                 	.DEF R0X9=R9
                 	.DEF R0XA=R10
                 	.DEF R0XB=R11
                 	.DEF R0XC=R12
                 	.DEF R0XD=R13
                 	.DEF R0XE=R14
                 	.DEF R0XF=R15
                 	.DEF R0X10=R16
                 	.DEF R0X11=R17
                 	.DEF R0X12=R18
                 	.DEF R0X13=R19
                 	.DEF R0X14=R20
                 	.DEF R0X15=R21
                 	.DEF R0X16=R22
                 	.DEF R0X17=R23
                 	.DEF R0X18=R24
                 	.DEF R0X19=R25
                 	.DEF R0X1A=R26
                 	.DEF R0X1B=R27
                 	.DEF R0X1C=R28
                 	.DEF R0X1D=R29
                 	.DEF R0X1E=R30
                 	.DEF R0X1F=R31
                 
                 	.EQU __SRAM_START=0x0060
                 	.EQU __SRAM_END=0x045F
                 	.EQU __DSTACK_SIZE=0x0100
                 	.EQU __HEAP_SIZE=0x0000
                 	.EQU __CLEAR_SRAM_SIZE=__SRAM_END-__SRAM_START+1
                 
                 	.MACRO __CPD1N
                 	CPI  R30,LOW(@0)
                 	LDI  R26,HIGH(@0)
                 	CPC  R31,R26
                 	LDI  R26,BYTE3(@0)
                 	CPC  R22,R26
                 	LDI  R26,BYTE4(@0)
                 	CPC  R23,R26
                 	.ENDM
                 
                 	.MACRO __CPD2N
                 	CPI  R26,LOW(@0)
                 	LDI  R30,HIGH(@0)
                 	CPC  R27,R30
                 	LDI  R30,BYTE3(@0)
                 	CPC  R24,R30
                 	LDI  R30,BYTE4(@0)
                 	CPC  R25,R30
                 	.ENDM
                 
                 	.MACRO __CPWRR
                 	CP   R@0,R@2
                 	CPC  R@1,R@3
                 	.ENDM
                 
                 	.MACRO __CPWRN
                 	CPI  R@0,LOW(@2)
                 	LDI  R30,HIGH(@2)
                 	CPC  R@1,R30
                 	.ENDM
                 
                 	.MACRO __ADDB1MN
                 	SUBI R30,LOW(-@0-(@1))
                 	.ENDM
                 
                 	.MACRO __ADDB2MN
                 	SUBI R26,LOW(-@0-(@1))
                 	.ENDM
                 
                 	.MACRO __ADDW1MN
                 	SUBI R30,LOW(-@0-(@1))
                 	SBCI R31,HIGH(-@0-(@1))
                 	.ENDM
                 
                 	.MACRO __ADDW2MN
                 	SUBI R26,LOW(-@0-(@1))
                 	SBCI R27,HIGH(-@0-(@1))
                 	.ENDM
                 
                 	.MACRO __ADDW1FN
                 	SUBI R30,LOW(-2*@0-(@1))
                 	SBCI R31,HIGH(-2*@0-(@1))
                 	.ENDM
                 
                 	.MACRO __ADDD1FN
                 	SUBI R30,LOW(-2*@0-(@1))
                 	SBCI R31,HIGH(-2*@0-(@1))
                 	SBCI R22,BYTE3(-2*@0-(@1))
                 	.ENDM
                 
                 	.MACRO __ADDD1N
                 	SUBI R30,LOW(-@0)
                 	SBCI R31,HIGH(-@0)
                 	SBCI R22,BYTE3(-@0)
                 	SBCI R23,BYTE4(-@0)
                 	.ENDM
                 
                 	.MACRO __ADDD2N
                 	SUBI R26,LOW(-@0)
                 	SBCI R27,HIGH(-@0)
                 	SBCI R24,BYTE3(-@0)
                 	SBCI R25,BYTE4(-@0)
                 	.ENDM
                 
                 	.MACRO __SUBD1N
                 	SUBI R30,LOW(@0)
                 	SBCI R31,HIGH(@0)
                 	SBCI R22,BYTE3(@0)
                 	SBCI R23,BYTE4(@0)
                 	.ENDM
                 
                 	.MACRO __SUBD2N
                 	SUBI R26,LOW(@0)
                 	SBCI R27,HIGH(@0)
                 	SBCI R24,BYTE3(@0)
                 	SBCI R25,BYTE4(@0)
                 	.ENDM
                 
                 	.MACRO __ANDBMNN
                 	LDS  R30,@0+(@1)
                 	ANDI R30,LOW(@2)
                 	STS  @0+(@1),R30
                 	.ENDM
                 
                 	.MACRO __ANDWMNN
                 	LDS  R30,@0+(@1)
                 	ANDI R30,LOW(@2)
                 	STS  @0+(@1),R30
                 	LDS  R30,@0+(@1)+1
                 	ANDI R30,HIGH(@2)
                 	STS  @0+(@1)+1,R30
                 	.ENDM
                 
                 	.MACRO __ANDD1N
                 	ANDI R30,LOW(@0)
                 	ANDI R31,HIGH(@0)
                 	ANDI R22,BYTE3(@0)
                 	ANDI R23,BYTE4(@0)
                 	.ENDM
                 
                 	.MACRO __ANDD2N
                 	ANDI R26,LOW(@0)
                 	ANDI R27,HIGH(@0)
                 	ANDI R24,BYTE3(@0)
                 	ANDI R25,BYTE4(@0)
                 	.ENDM
                 
                 	.MACRO __ORBMNN
                 	LDS  R30,@0+(@1)
                 	ORI  R30,LOW(@2)
                 	STS  @0+(@1),R30
                 	.ENDM
                 
                 	.MACRO __ORWMNN
                 	LDS  R30,@0+(@1)
                 	ORI  R30,LOW(@2)
                 	STS  @0+(@1),R30
                 	LDS  R30,@0+(@1)+1
                 	ORI  R30,HIGH(@2)
                 	STS  @0+(@1)+1,R30
                 	.ENDM
                 
                 	.MACRO __ORD1N
                 	ORI  R30,LOW(@0)
                 	ORI  R31,HIGH(@0)
                 	ORI  R22,BYTE3(@0)
                 	ORI  R23,BYTE4(@0)
                 	.ENDM
                 
                 	.MACRO __ORD2N
                 	ORI  R26,LOW(@0)
                 	ORI  R27,HIGH(@0)
                 	ORI  R24,BYTE3(@0)
                 	ORI  R25,BYTE4(@0)
                 	.ENDM
                 
                 	.MACRO __DELAY_USB
                 	LDI  R24,LOW(@0)
                 __DELAY_USB_LOOP:
                 	DEC  R24
                 	BRNE __DELAY_USB_LOOP
                 	.ENDM
                 
                 	.MACRO __DELAY_USW
                 	LDI  R24,LOW(@0)
                 	LDI  R25,HIGH(@0)
                 __DELAY_USW_LOOP:
                 	SBIW R24,1
                 	BRNE __DELAY_USW_LOOP
                 	.ENDM
                 
                 	.MACRO __GETD1S
                 	LDD  R30,Y+@0
                 	LDD  R31,Y+@0+1
                 	LDD  R22,Y+@0+2
                 	LDD  R23,Y+@0+3
                 	.ENDM
                 
                 	.MACRO __GETD2S
                 	LDD  R26,Y+@0
                 	LDD  R27,Y+@0+1
                 	LDD  R24,Y+@0+2
                 	LDD  R25,Y+@0+3
                 	.ENDM
                 
                 	.MACRO __PUTD1S
                 	STD  Y+@0,R30
                 	STD  Y+@0+1,R31
                 	STD  Y+@0+2,R22
                 	STD  Y+@0+3,R23
                 	.ENDM
                 
                 	.MACRO __PUTD2S
                 	STD  Y+@0,R26
                 	STD  Y+@0+1,R27
                 	STD  Y+@0+2,R24
                 	STD  Y+@0+3,R25
                 	.ENDM
                 
                 	.MACRO __PUTDZ2
                 	STD  Z+@0,R26
                 	STD  Z+@0+1,R27
                 	STD  Z+@0+2,R24
                 	STD  Z+@0+3,R25
                 	.ENDM
                 
                 	.MACRO __CLRD1S
                 	STD  Y+@0,R30
                 	STD  Y+@0+1,R30
                 	STD  Y+@0+2,R30
                 	STD  Y+@0+3,R30
                 	.ENDM
                 
                 	.MACRO __POINTB1MN
                 	LDI  R30,LOW(@0+(@1))
                 	.ENDM
                 
                 	.MACRO __POINTW1MN
                 	LDI  R30,LOW(@0+(@1))
                 	LDI  R31,HIGH(@0+(@1))
                 	.ENDM
                 
                 	.MACRO __POINTD1M
                 	LDI  R30,LOW(@0)
                 	LDI  R31,HIGH(@0)
                 	LDI  R22,BYTE3(@0)
                 	LDI  R23,BYTE4(@0)
                 	.ENDM
                 
                 	.MACRO __POINTW1FN
                 	LDI  R30,LOW(2*@0+(@1))
                 	LDI  R31,HIGH(2*@0+(@1))
                 	.ENDM
                 
                 	.MACRO __POINTD1FN
                 	LDI  R30,LOW(2*@0+(@1))
                 	LDI  R31,HIGH(2*@0+(@1))
                 	LDI  R22,BYTE3(2*@0+(@1))
                 	LDI  R23,BYTE4(2*@0+(@1))
                 	.ENDM
                 
                 	.MACRO __POINTB2MN
                 	LDI  R26,LOW(@0+(@1))
                 	.ENDM
                 
                 	.MACRO __POINTW2MN
                 	LDI  R26,LOW(@0+(@1))
                 	LDI  R27,HIGH(@0+(@1))
                 	.ENDM
                 
                 	.MACRO __POINTW2FN
                 	LDI  R26,LOW(2*@0+(@1))
                 	LDI  R27,HIGH(2*@0+(@1))
                 	.ENDM
                 
                 	.MACRO __POINTD2FN
                 	LDI  R26,LOW(2*@0+(@1))
                 	LDI  R27,HIGH(2*@0+(@1))
                 	LDI  R24,BYTE3(2*@0+(@1))
                 	LDI  R25,BYTE4(2*@0+(@1))
                 	.ENDM
                 
                 	.MACRO __POINTBRM
                 	LDI  R@0,LOW(@1)
                 	.ENDM
                 
                 	.MACRO __POINTWRM
                 	LDI  R@0,LOW(@2)
                 	LDI  R@1,HIGH(@2)
                 	.ENDM
                 
                 	.MACRO __POINTBRMN
                 	LDI  R@0,LOW(@1+(@2))
                 	.ENDM
                 
                 	.MACRO __POINTWRMN
                 	LDI  R@0,LOW(@2+(@3))
                 	LDI  R@1,HIGH(@2+(@3))
                 	.ENDM
                 
                 	.MACRO __POINTWRFN
                 	LDI  R@0,LOW(@2*2+(@3))
                 	LDI  R@1,HIGH(@2*2+(@3))
                 	.ENDM
                 
                 	.MACRO __GETD1N
                 	LDI  R30,LOW(@0)
                 	LDI  R31,HIGH(@0)
                 	LDI  R22,BYTE3(@0)
                 	LDI  R23,BYTE4(@0)
                 	.ENDM
                 
                 	.MACRO __GETD2N
                 	LDI  R26,LOW(@0)
                 	LDI  R27,HIGH(@0)
                 	LDI  R24,BYTE3(@0)
                 	LDI  R25,BYTE4(@0)
                 	.ENDM
                 
                 	.MACRO __GETB1MN
                 	LDS  R30,@0+(@1)
                 	.ENDM
                 
                 	.MACRO __GETB1HMN
                 	LDS  R31,@0+(@1)
                 	.ENDM
                 
                 	.MACRO __GETW1MN
                 	LDS  R30,@0+(@1)
                 	LDS  R31,@0+(@1)+1
                 	.ENDM
                 
                 	.MACRO __GETD1MN
                 	LDS  R30,@0+(@1)
                 	LDS  R31,@0+(@1)+1
                 	LDS  R22,@0+(@1)+2
                 	LDS  R23,@0+(@1)+3
                 	.ENDM
                 
                 	.MACRO __GETBRMN
                 	LDS  R@0,@1+(@2)
                 	.ENDM
                 
                 	.MACRO __GETWRMN
                 	LDS  R@0,@2+(@3)
                 	LDS  R@1,@2+(@3)+1
                 	.ENDM
                 
                 	.MACRO __GETWRZ
                 	LDD  R@0,Z+@2
                 	LDD  R@1,Z+@2+1
                 	.ENDM
                 
                 	.MACRO __GETD2Z
                 	LDD  R26,Z+@0
                 	LDD  R27,Z+@0+1
                 	LDD  R24,Z+@0+2
                 	LDD  R25,Z+@0+3
                 	.ENDM
                 
                 	.MACRO __GETB2MN
                 	LDS  R26,@0+(@1)
                 	.ENDM
                 
                 	.MACRO __GETW2MN
                 	LDS  R26,@0+(@1)
                 	LDS  R27,@0+(@1)+1
                 	.ENDM
                 
                 	.MACRO __GETD2MN
                 	LDS  R26,@0+(@1)
                 	LDS  R27,@0+(@1)+1
                 	LDS  R24,@0+(@1)+2
                 	LDS  R25,@0+(@1)+3
                 	.ENDM
                 
                 	.MACRO __PUTB1MN
                 	STS  @0+(@1),R30
                 	.ENDM
                 
                 	.MACRO __PUTW1MN
                 	STS  @0+(@1),R30
                 	STS  @0+(@1)+1,R31
                 	.ENDM
                 
                 	.MACRO __PUTD1MN
                 	STS  @0+(@1),R30
                 	STS  @0+(@1)+1,R31
                 	STS  @0+(@1)+2,R22
                 	STS  @0+(@1)+3,R23
                 	.ENDM
                 
                 	.MACRO __PUTB1EN
                 	LDI  R26,LOW(@0+(@1))
                 	LDI  R27,HIGH(@0+(@1))
                 	CALL __EEPROMWRB
                 	.ENDM
                 
                 	.MACRO __PUTW1EN
                 	LDI  R26,LOW(@0+(@1))
                 	LDI  R27,HIGH(@0+(@1))
                 	CALL __EEPROMWRW
                 	.ENDM
                 
                 	.MACRO __PUTD1EN
                 	LDI  R26,LOW(@0+(@1))
                 	LDI  R27,HIGH(@0+(@1))
                 	CALL __EEPROMWRD
                 	.ENDM
                 
                 	.MACRO __PUTBR0MN
                 	STS  @0+(@1),R0
                 	.ENDM
                 
                 	.MACRO __PUTBMRN
                 	STS  @0+(@1),R@2
                 	.ENDM
                 
                 	.MACRO __PUTWMRN
                 	STS  @0+(@1),R@2
                 	STS  @0+(@1)+1,R@3
                 	.ENDM
                 
                 	.MACRO __PUTBZR
                 	STD  Z+@1,R@0
                 	.ENDM
                 
                 	.MACRO __PUTWZR
                 	STD  Z+@2,R@0
                 	STD  Z+@2+1,R@1
                 	.ENDM
                 
                 	.MACRO __GETW1R
                 	MOV  R30,R@0
                 	MOV  R31,R@1
                 	.ENDM
                 
                 	.MACRO __GETW2R
                 	MOV  R26,R@0
                 	MOV  R27,R@1
                 	.ENDM
                 
                 	.MACRO __GETWRN
                 	LDI  R@0,LOW(@2)
                 	LDI  R@1,HIGH(@2)
                 	.ENDM
                 
                 	.MACRO __PUTW1R
                 	MOV  R@0,R30
                 	MOV  R@1,R31
                 	.ENDM
                 
                 	.MACRO __PUTW2R
                 	MOV  R@0,R26
                 	MOV  R@1,R27
                 	.ENDM
                 
                 	.MACRO __ADDWRN
                 	SUBI R@0,LOW(-@2)
                 	SBCI R@1,HIGH(-@2)
                 	.ENDM
                 
                 	.MACRO __ADDWRR
                 	ADD  R@0,R@2
                 	ADC  R@1,R@3
                 	.ENDM
                 
                 	.MACRO __SUBWRN
                 	SUBI R@0,LOW(@2)
                 	SBCI R@1,HIGH(@2)
                 	.ENDM
                 
                 	.MACRO __SUBWRR
                 	SUB  R@0,R@2
                 	SBC  R@1,R@3
                 	.ENDM
                 
                 	.MACRO __ANDWRN
                 	ANDI R@0,LOW(@2)
                 	ANDI R@1,HIGH(@2)
                 	.ENDM
                 
                 	.MACRO __ANDWRR
                 	AND  R@0,R@2
                 	AND  R@1,R@3
                 	.ENDM
                 
                 	.MACRO __ORWRN
                 	ORI  R@0,LOW(@2)
                 	ORI  R@1,HIGH(@2)
                 	.ENDM
                 
                 	.MACRO __ORWRR
                 	OR   R@0,R@2
                 	OR   R@1,R@3
                 	.ENDM
                 
                 	.MACRO __EORWRR
                 	EOR  R@0,R@2
                 	EOR  R@1,R@3
                 	.ENDM
                 
                 	.MACRO __GETWRS
                 	LDD  R@0,Y+@2
                 	LDD  R@1,Y+@2+1
                 	.ENDM
                 
                 	.MACRO __PUTBSR
                 	STD  Y+@1,R@0
                 	.ENDM
                 
                 	.MACRO __PUTWSR
                 	STD  Y+@2,R@0
                 	STD  Y+@2+1,R@1
                 	.ENDM
                 
                 	.MACRO __MOVEWRR
                 	MOV  R@0,R@2
                 	MOV  R@1,R@3
                 	.ENDM
                 
                 	.MACRO __INWR
                 	IN   R@0,@2
                 	IN   R@1,@2+1
                 	.ENDM
                 
                 	.MACRO __OUTWR
                 	OUT  @2+1,R@1
                 	OUT  @2,R@0
                 	.ENDM
                 
                 	.MACRO __CALL1MN
                 	LDS  R30,@0+(@1)
                 	LDS  R31,@0+(@1)+1
                 	ICALL
                 	.ENDM
                 
                 	.MACRO __CALL1FN
                 	LDI  R30,LOW(2*@0+(@1))
                 	LDI  R31,HIGH(2*@0+(@1))
                 	CALL __GETW1PF
                 	ICALL
                 	.ENDM
                 
                 	.MACRO __CALL2EN
                 	LDI  R26,LOW(@0+(@1))
                 	LDI  R27,HIGH(@0+(@1))
                 	CALL __EEPROMRDW
                 	ICALL
                 	.ENDM
                 
                 	.MACRO __GETW1STACK
                 	IN   R26,SPL
                 	IN   R27,SPH
                 	ADIW R26,@0+1
                 	LD   R30,X+
                 	LD   R31,X
                 	.ENDM
                 
                 	.MACRO __GETD1STACK
                 	IN   R26,SPL
                 	IN   R27,SPH
                 	ADIW R26,@0+1
                 	LD   R30,X+
                 	LD   R31,X+
                 	LD   R22,X
                 	.ENDM
                 
                 	.MACRO __NBST
                 	BST  R@0,@1
                 	IN   R30,SREG
                 	LDI  R31,0x40
                 	EOR  R30,R31
                 	OUT  SREG,R30
                 	.ENDM
                 
                 
                 	.MACRO __PUTB1SN
                 	LDD  R26,Y+@0
                 	LDD  R27,Y+@0+1
                 	SUBI R26,LOW(-@1)
                 	SBCI R27,HIGH(-@1)
                 	ST   X,R30
                 	.ENDM
                 
                 	.MACRO __PUTW1SN
                 	LDD  R26,Y+@0
                 	LDD  R27,Y+@0+1
                 	SUBI R26,LOW(-@1)
                 	SBCI R27,HIGH(-@1)
                 	ST   X+,R30
                 	ST   X,R31
                 	.ENDM
                 
                 	.MACRO __PUTD1SN
                 	LDD  R26,Y+@0
                 	LDD  R27,Y+@0+1
                 	SUBI R26,LOW(-@1)
                 	SBCI R27,HIGH(-@1)
                 	CALL __PUTDP1
                 	.ENDM
                 
                 	.MACRO __PUTB1SNS
                 	LDD  R26,Y+@0
                 	LDD  R27,Y+@0+1
                 	ADIW R26,@1
                 	ST   X,R30
                 	.ENDM
                 
                 	.MACRO __PUTW1SNS
                 	LDD  R26,Y+@0
                 	LDD  R27,Y+@0+1
                 	ADIW R26,@1
                 	ST   X+,R30
                 	ST   X,R31
                 	.ENDM
                 
                 	.MACRO __PUTD1SNS
                 	LDD  R26,Y+@0
                 	LDD  R27,Y+@0+1
                 	ADIW R26,@1
                 	CALL __PUTDP1
                 	.ENDM
                 
                 	.MACRO __PUTB1PMN
                 	LDS  R26,@0
                 	LDS  R27,@0+1
                 	SUBI R26,LOW(-@1)
                 	SBCI R27,HIGH(-@1)
                 	ST   X,R30
                 	.ENDM
                 
                 	.MACRO __PUTW1PMN
                 	LDS  R26,@0
                 	LDS  R27,@0+1
                 	SUBI R26,LOW(-@1)
                 	SBCI R27,HIGH(-@1)
                 	ST   X+,R30
                 	ST   X,R31
                 	.ENDM
                 
                 	.MACRO __PUTD1PMN
                 	LDS  R26,@0
                 	LDS  R27,@0+1
                 	SUBI R26,LOW(-@1)
                 	SBCI R27,HIGH(-@1)
                 	CALL __PUTDP1
                 	.ENDM
                 
                 	.MACRO __PUTB1PMNS
                 	LDS  R26,@0
                 	LDS  R27,@0+1
                 	ADIW R26,@1
                 	ST   X,R30
                 	.ENDM
                 
                 	.MACRO __PUTW1PMNS
                 	LDS  R26,@0
                 	LDS  R27,@0+1
                 	ADIW R26,@1
                 	ST   X+,R30
                 	ST   X,R31
                 	.ENDM
                 
                 	.MACRO __PUTD1PMNS
                 	LDS  R26,@0
                 	LDS  R27,@0+1
                 	ADIW R26,@1
                 	CALL __PUTDP1
                 	.ENDM
                 
                 	.MACRO __PUTB1RN
                 	MOVW R26,R@0
                 	SUBI R26,LOW(-@1)
                 	SBCI R27,HIGH(-@1)
                 	ST   X,R30
                 	.ENDM
                 
                 	.MACRO __PUTW1RN
                 	MOVW R26,R@0
                 	SUBI R26,LOW(-@1)
                 	SBCI R27,HIGH(-@1)
                 	ST   X+,R30
                 	ST   X,R31
                 	.ENDM
                 
                 	.MACRO __PUTD1RN
                 	MOVW R26,R@0
                 	SUBI R26,LOW(-@1)
                 	SBCI R27,HIGH(-@1)
                 	CALL __PUTDP1
                 	.ENDM
                 
                 	.MACRO __PUTB1RNS
                 	MOVW R26,R@0
                 	ADIW R26,@1
                 	ST   X,R30
                 	.ENDM
                 
                 	.MACRO __PUTW1RNS
                 	MOVW R26,R@0
                 	ADIW R26,@1
                 	ST   X+,R30
                 	ST   X,R31
                 	.ENDM
                 
                 	.MACRO __PUTD1RNS
                 	MOVW R26,R@0
                 	ADIW R26,@1
                 	CALL __PUTDP1
                 	.ENDM
                 
                 	.MACRO __PUTB1RON
                 	MOV  R26,R@0
                 	MOV  R27,R@1
                 	SUBI R26,LOW(-@2)
                 	SBCI R27,HIGH(-@2)
                 	ST   X,R30
                 	.ENDM
                 
                 	.MACRO __PUTW1RON
                 	MOV  R26,R@0
                 	MOV  R27,R@1
                 	SUBI R26,LOW(-@2)
                 	SBCI R27,HIGH(-@2)
                 	ST   X+,R30
                 	ST   X,R31
                 	.ENDM
                 
                 	.MACRO __PUTD1RON
                 	MOV  R26,R@0
                 	MOV  R27,R@1
                 	SUBI R26,LOW(-@2)
                 	SBCI R27,HIGH(-@2)
                 	CALL __PUTDP1
                 	.ENDM
                 
                 	.MACRO __PUTB1RONS
                 	MOV  R26,R@0
                 	MOV  R27,R@1
                 	ADIW R26,@2
                 	ST   X,R30
                 	.ENDM
                 
                 	.MACRO __PUTW1RONS
                 	MOV  R26,R@0
                 	MOV  R27,R@1
                 	ADIW R26,@2
                 	ST   X+,R30
                 	ST   X,R31
                 	.ENDM
                 
                 	.MACRO __PUTD1RONS
                 	MOV  R26,R@0
                 	MOV  R27,R@1
                 	ADIW R26,@2
                 	CALL __PUTDP1
                 	.ENDM
                 
                 
                 	.MACRO __GETB1SX
                 	MOVW R30,R28
                 	SUBI R30,LOW(-@0)
                 	SBCI R31,HIGH(-@0)
                 	LD   R30,Z
                 	.ENDM
                 
                 	.MACRO __GETB1HSX
                 	MOVW R30,R28
                 	SUBI R30,LOW(-@0)
                 	SBCI R31,HIGH(-@0)
                 	LD   R31,Z
                 	.ENDM
                 
                 	.MACRO __GETW1SX
                 	MOVW R30,R28
                 	SUBI R30,LOW(-@0)
                 	SBCI R31,HIGH(-@0)
                 	LD   R0,Z+
                 	LD   R31,Z
                 	MOV  R30,R0
                 	.ENDM
                 
                 	.MACRO __GETD1SX
                 	MOVW R30,R28
                 	SUBI R30,LOW(-@0)
                 	SBCI R31,HIGH(-@0)
                 	LD   R0,Z+
                 	LD   R1,Z+
                 	LD   R22,Z+
                 	LD   R23,Z
                 	MOVW R30,R0
                 	.ENDM
                 
                 	.MACRO __GETB2SX
                 	MOVW R26,R28
                 	SUBI R26,LOW(-@0)
                 	SBCI R27,HIGH(-@0)
                 	LD   R26,X
                 	.ENDM
                 
                 	.MACRO __GETW2SX
                 	MOVW R26,R28
                 	SUBI R26,LOW(-@0)
                 	SBCI R27,HIGH(-@0)
                 	LD   R0,X+
                 	LD   R27,X
                 	MOV  R26,R0
                 	.ENDM
                 
                 	.MACRO __GETD2SX
                 	MOVW R26,R28
                 	SUBI R26,LOW(-@0)
                 	SBCI R27,HIGH(-@0)
                 	LD   R0,X+
                 	LD   R1,X+
                 	LD   R24,X+
                 	LD   R25,X
                 	MOVW R26,R0
                 	.ENDM
                 
                 	.MACRO __GETBRSX
                 	MOVW R30,R28
                 	SUBI R30,LOW(-@1)
                 	SBCI R31,HIGH(-@1)
                 	LD   R@0,Z
                 	.ENDM
                 
                 	.MACRO __GETWRSX
                 	MOVW R30,R28
                 	SUBI R30,LOW(-@2)
                 	SBCI R31,HIGH(-@2)
                 	LD   R@0,Z+
                 	LD   R@1,Z
                 	.ENDM
                 
                 	.MACRO __GETBRSX2
                 	MOVW R26,R28
                 	SUBI R26,LOW(-@1)
                 	SBCI R27,HIGH(-@1)
                 	LD   R@0,X
                 	.ENDM
                 
                 	.MACRO __GETWRSX2
                 	MOVW R26,R28
                 	SUBI R26,LOW(-@2)
                 	SBCI R27,HIGH(-@2)
                 	LD   R@0,X+
                 	LD   R@1,X
                 	.ENDM
                 
                 	.MACRO __LSLW8SX
                 	MOVW R30,R28
                 	SUBI R30,LOW(-@0)
                 	SBCI R31,HIGH(-@0)
                 	LD   R31,Z
                 	CLR  R30
                 	.ENDM
                 
                 	.MACRO __PUTB1SX
                 	MOVW R26,R28
                 	SUBI R26,LOW(-@0)
                 	SBCI R27,HIGH(-@0)
                 	ST   X,R30
                 	.ENDM
                 
                 	.MACRO __PUTW1SX
                 	MOVW R26,R28
                 	SUBI R26,LOW(-@0)
                 	SBCI R27,HIGH(-@0)
                 	ST   X+,R30
                 	ST   X,R31
                 	.ENDM
                 
                 	.MACRO __PUTD1SX
                 	MOVW R26,R28
                 	SUBI R26,LOW(-@0)
                 	SBCI R27,HIGH(-@0)
                 	ST   X+,R30
                 	ST   X+,R31
                 	ST   X+,R22
                 	ST   X,R23
                 	.ENDM
                 
                 	.MACRO __CLRW1SX
                 	MOVW R26,R28
                 	SUBI R26,LOW(-@0)
                 	SBCI R27,HIGH(-@0)
                 	ST   X+,R30
                 	ST   X,R30
                 	.ENDM
                 
                 	.MACRO __CLRD1SX
                 	MOVW R26,R28
                 	SUBI R26,LOW(-@0)
                 	SBCI R27,HIGH(-@0)
                 	ST   X+,R30
                 	ST   X+,R30
                 	ST   X+,R30
                 	ST   X,R30
                 	.ENDM
                 
                 	.MACRO __PUTB2SX
                 	MOVW R30,R28
                 	SUBI R30,LOW(-@0)
                 	SBCI R31,HIGH(-@0)
                 	ST   Z,R26
                 	.ENDM
                 
                 	.MACRO __PUTW2SX
                 	MOVW R30,R28
                 	SUBI R30,LOW(-@0)
                 	SBCI R31,HIGH(-@0)
                 	ST   Z+,R26
                 	ST   Z,R27
                 	.ENDM
                 
                 	.MACRO __PUTD2SX
                 	MOVW R30,R28
                 	SUBI R30,LOW(-@0)
                 	SBCI R31,HIGH(-@0)
                 	ST   Z+,R26
                 	ST   Z+,R27
                 	ST   Z+,R24
                 	ST   Z,R25
                 	.ENDM
                 
                 	.MACRO __PUTBSRX
                 	MOVW R30,R28
                 	SUBI R30,LOW(-@1)
                 	SBCI R31,HIGH(-@1)
                 	ST   Z,R@0
                 	.ENDM
                 
                 	.MACRO __PUTWSRX
                 	MOVW R30,R28
                 	SUBI R30,LOW(-@2)
                 	SBCI R31,HIGH(-@2)
                 	ST   Z+,R@0
                 	ST   Z,R@1
                 	.ENDM
                 
                 	.MACRO __PUTB1SNX
                 	MOVW R26,R28
                 	SUBI R26,LOW(-@0)
                 	SBCI R27,HIGH(-@0)
                 	LD   R0,X+
                 	LD   R27,X
                 	MOV  R26,R0
                 	SUBI R26,LOW(-@1)
                 	SBCI R27,HIGH(-@1)
                 	ST   X,R30
                 	.ENDM
                 
                 	.MACRO __PUTW1SNX
                 	MOVW R26,R28
                 	SUBI R26,LOW(-@0)
                 	SBCI R27,HIGH(-@0)
                 	LD   R0,X+
                 	LD   R27,X
                 	MOV  R26,R0
                 	SUBI R26,LOW(-@1)
                 	SBCI R27,HIGH(-@1)
                 	ST   X+,R30
                 	ST   X,R31
                 	.ENDM
                 
                 	.MACRO __PUTD1SNX
                 	MOVW R26,R28
                 	SUBI R26,LOW(-@0)
                 	SBCI R27,HIGH(-@0)
                 	LD   R0,X+
                 	LD   R27,X
                 	MOV  R26,R0
                 	SUBI R26,LOW(-@1)
                 	SBCI R27,HIGH(-@1)
                 	ST   X+,R30
                 	ST   X+,R31
                 	ST   X+,R22
                 	ST   X,R23
                 	.ENDM
                 
                 	.MACRO __MULBRR
                 	MULS R@0,R@1
                 	MOVW R30,R0
                 	.ENDM
                 
                 	.MACRO __MULBRRU
                 	MUL  R@0,R@1
                 	MOVW R30,R0
                 	.ENDM
                 
                 	.MACRO __MULBRR0
                 	MULS R@0,R@1
                 	.ENDM
                 
                 	.MACRO __MULBRRU0
                 	MUL  R@0,R@1
                 	.ENDM
                 
                 	.MACRO __MULBNWRU
                 	LDI  R26,@2
                 	MUL  R26,R@0
                 	MOVW R30,R0
                 	MUL  R26,R@1
                 	ADD  R31,R0
                 	.ENDM
                 
                 ;NAME DEFINITIONS FOR GLOBAL VARIABLES ALLOCATED TO REGISTERS
                 	.DEF _ball_x=R4
                 	.DEF _ball_y=R6
                 	.DEF _player1_y=R8
                 	.DEF _player2_y=R10
                 	.DEF _player1_score=R12
                 
                 	.CSEG
                 	.ORG 0x00
                 
                 ;START OF CODE MARKER
                 __START_OF_CODE:
                 
                 ;INTERRUPT VECTORS
000000 940c 004b 	JMP  __RESET
000002 940c 007b 	JMP  _ext_int0_isr
000004 940c 0092 	JMP  _ext_int1_isr
000006 940c 0000 	JMP  0x00
000008 940c 0000 	JMP  0x00
00000a 940c 0000 	JMP  0x00
00000c 940c 0000 	JMP  0x00
00000e 940c 0000 	JMP  0x00
000010 940c 0000 	JMP  0x00
000012 940c 0000 	JMP  0x00
000014 940c 0000 	JMP  0x00
000016 940c 0000 	JMP  0x00
000018 940c 0000 	JMP  0x00
00001a 940c 0000 	JMP  0x00
00001c 940c 0000 	JMP  0x00
00001e 940c 0000 	JMP  0x00
000020 940c 0000 	JMP  0x00
000022 940c 0000 	JMP  0x00
000024 940c 0000 	JMP  0x00
000026 940c 0000 	JMP  0x00
000028 940c 0000 	JMP  0x00
                 
                 _0x3:
D:\robatic\proteos\ping 2\List\p.asm(1108): warning: .cseg .db misalignment - padding zero byte
00002a 0001      	.DB  0x1
                 _0x4:
D:\robatic\proteos\ping 2\List\p.asm(1110): warning: .cseg .db misalignment - padding zero byte
00002b 0001      	.DB  0x1
                 _0x21:
00002c 0007
00002d 0002
00002e 0000
00002f 0000      	.DB  0x7,0x0,0x2,0x0,0x0,0x0,0x0,0x0
000030 0000      	.DB  0x0,0x0
                 _0x0:
000031 002a
000032 005d
000033 005b      	.DB  0x2A,0x0,0x5D,0x0,0x5B,0x0
                 _0x2000003:
000034 c080      	.DB  0x80,0xC0
                 
                 __GLOBAL_INI_TBL:
000035 0001      	.DW  0x01
000036 0166      	.DW  _bool_x
000037 0054      	.DW  _0x3*2
                 
000038 0001      	.DW  0x01
000039 0168      	.DW  _bool_y
00003a 0056      	.DW  _0x4*2
                 
00003b 0002      	.DW  0x02
00003c 0160      	.DW  _0x12
00003d 0062      	.DW  _0x0*2
                 
00003e 0002      	.DW  0x02
00003f 0162      	.DW  _0x12+2
000040 0064      	.DW  _0x0*2+2
                 
000041 0002      	.DW  0x02
000042 0164      	.DW  _0x12+4
000043 0066      	.DW  _0x0*2+4
                 
000044 000a      	.DW  0x0A
000045 0004      	.DW  0x04
000046 0058      	.DW  _0x21*2
                 
000047 0002      	.DW  0x02
000048 016a      	.DW  __base_y_G100
000049 0068      	.DW  _0x2000003*2
                 
                 _0xFFFFFFFF:
00004a 0000      	.DW  0
                 
                 __RESET:
00004b 94f8      	CLI
00004c 27ee      	CLR  R30
00004d bbec      	OUT  EECR,R30
                 
                 ;INTERRUPT VECTORS ARE PLACED
                 ;AT THE START OF FLASH
00004e e0f1      	LDI  R31,1
00004f bffb      	OUT  GICR,R31
000050 bfeb      	OUT  GICR,R30
000051 bfe5      	OUT  MCUCR,R30
                 
                 ;DISABLE WATCHDOG
000052 e1f8      	LDI  R31,0x18
000053 bdf1      	OUT  WDTCR,R31
000054 bde1      	OUT  WDTCR,R30
                 
                 ;CLEAR R2-R14
000055 e08d      	LDI  R24,(14-2)+1
000056 e0a2      	LDI  R26,2
000057 27bb      	CLR  R27
                 __CLEAR_REG:
000058 93ed      	ST   X+,R30
000059 958a      	DEC  R24
00005a f7e9      	BRNE __CLEAR_REG
                 
                 ;CLEAR SRAM
00005b e080      	LDI  R24,LOW(__CLEAR_SRAM_SIZE)
00005c e094      	LDI  R25,HIGH(__CLEAR_SRAM_SIZE)
00005d e6a0      	LDI  R26,__SRAM_START
                 __CLEAR_SRAM:
00005e 93ed      	ST   X+,R30
00005f 9701      	SBIW R24,1
000060 f7e9      	BRNE __CLEAR_SRAM
                 
                 ;GLOBAL VARIABLES INITIALIZATION
000061 e6ea      	LDI  R30,LOW(__GLOBAL_INI_TBL*2)
000062 e0f0      	LDI  R31,HIGH(__GLOBAL_INI_TBL*2)
                 __GLOBAL_INI_NEXT:
000063 9185      	LPM  R24,Z+
000064 9195      	LPM  R25,Z+
000065 9700      	SBIW R24,0
000066 f061      	BREQ __GLOBAL_INI_END
000067 91a5      	LPM  R26,Z+
000068 91b5      	LPM  R27,Z+
000069 9005      	LPM  R0,Z+
00006a 9015      	LPM  R1,Z+
00006b 01bf      	MOVW R22,R30
00006c 01f0      	MOVW R30,R0
                 __GLOBAL_INI_LOOP:
00006d 9005      	LPM  R0,Z+
00006e 920d      	ST   X+,R0
00006f 9701      	SBIW R24,1
000070 f7e1      	BRNE __GLOBAL_INI_LOOP
000071 01fb      	MOVW R30,R22
000072 cff0      	RJMP __GLOBAL_INI_NEXT
                 __GLOBAL_INI_END:
                 
                 ;HARDWARE STACK POINTER INITIALIZATION
000073 e5ef      	LDI  R30,LOW(__SRAM_END-__HEAP_SIZE)
000074 bfed      	OUT  SPL,R30
000075 e0e4      	LDI  R30,HIGH(__SRAM_END-__HEAP_SIZE)
000076 bfee      	OUT  SPH,R30
                 
                 ;DATA STACK POINTER INITIALIZATION
000077 e6c0      	LDI  R28,LOW(__SRAM_START+__DSTACK_SIZE)
000078 e0d1      	LDI  R29,HIGH(__SRAM_START+__DSTACK_SIZE)
                 
000079 940c 00af 	JMP  _main
                 
                 	.ESEG
                 	.ORG 0
                 
                 	.DSEG
                 	.ORG 0x160
                 
                 	.CSEG
                 ;/*****************************************************
                 ;This program was produced by the
                 ;CodeWizardAVR V2.05.3 Standard
                 ;Automatic Program Generator
                 ;© Copyright 1998-2011 Pavel Haiduc, HP InfoTech s.r.l.
                 ;http://www.hpinfotech.com
                 ;
                 ;Project :
                 ;Version :
                 ;Date    : 4/11/2017
                 ;Author  : Amin
                 ;Company : Microsoft
                 ;Comments:
                 ;
                 ;
                 ;Chip type               : ATmega16
                 ;Program type            : Application
                 ;AVR Core Clock frequency: 8.000000 MHz
                 ;Memory model            : Small
                 ;External RAM size       : 0
                 ;Data Stack size         : 256
                 ;*****************************************************/
                 ;
                 ;#include <mega16.h>
                 	#ifndef __SLEEP_DEFINED__
                 	#define __SLEEP_DEFINED__
                 	.EQU __se_bit=0x40
                 	.EQU __sm_mask=0xB0
                 	.EQU __sm_powerdown=0x20
                 	.EQU __sm_powersave=0x30
                 	.EQU __sm_standby=0xA0
                 	.EQU __sm_ext_standby=0xB0
                 	.EQU __sm_adc_noise_red=0x10
                 	.SET power_ctrl_reg=mcucr
                 	#endif
                 ;#include <delay.h>
                 ;// Alphanumeric LCD functions
                 ;#include <alcd.h>
                 ;
                 ;int ball_x=7,ball_y=2,player1_y=0,player2_y=0;
                 ;int player1_score=0,player2_score=0;
                 ;int bool_x=1,bool_y=1;
                 
                 	.DSEG
                 ;
                 ;// External Interrupt 0 service routine
                 ;interrupt [EXT_INT0] void ext_int0_isr(void)
                 ; 0000 0023 {
                 
                 	.CSEG
                 _ext_int0_isr:
00007b 940e 01e0 	CALL SUBOPT_0x0
                 ; 0000 0024 // Place your code here
                 ; 0000 0025    if(PINC.0==0 && player1_y==3){
00007d e0a0      	LDI  R26,0
00007e 9998      	SBIC 0x13,0
00007f e0a1      	LDI  R26,1
000080 30a0      	CPI  R26,LOW(0x0)
000081 f429      	BRNE _0x6
000082 e0e3      	LDI  R30,LOW(3)
000083 e0f0      	LDI  R31,HIGH(3)
000084 15e8      	CP   R30,R8
000085 05f9      	CPC  R31,R9
000086 f009      	BREQ _0x7
                 _0x6:
000087 c003      	RJMP _0x5
                 _0x7:
                 ; 0000 0026       player1_y++;}
000088 01f4      	MOVW R30,R8
000089 9631      	ADIW R30,1
00008a c005      	RJMP _0x1E
                 ; 0000 0027       else{
                 _0x5:
                 ; 0000 0028    if(player1_y!=0)
00008b 2c08      	MOV  R0,R8
00008c 2809      	OR   R0,R9
00008d f019      	BREQ _0x9
                 ; 0000 0029        player1_y--;
00008e 01f4      	MOVW R30,R8
00008f 9731      	SBIW R30,1
                 _0x1E:
000090 014f      	MOVW R8,R30
                 ; 0000 002A        }
                 _0x9:
                 ; 0000 002B }
000091 c016      	RJMP _0x20
                 ;
                 ;// External Interrupt 1 service routine
                 ;interrupt [EXT_INT1] void ext_int1_isr(void)
                 ; 0000 002F {
                 _ext_int1_isr:
000092 940e 01e0 	CALL SUBOPT_0x0
                 ; 0000 0030 // Place your code here
                 ; 0000 0031    if(PIND.4==0 && player2_y!=3)
000094 e0a0      	LDI  R26,0
000095 9984      	SBIC 0x10,4
000096 e0a1      	LDI  R26,1
000097 30a0      	CPI  R26,LOW(0x0)
000098 f429      	BRNE _0xB
000099 e0e3      	LDI  R30,LOW(3)
00009a e0f0      	LDI  R31,HIGH(3)
00009b 15ea      	CP   R30,R10
00009c 05fb      	CPC  R31,R11
00009d f409      	BRNE _0xC
                 _0xB:
00009e c003      	RJMP _0xA
                 _0xC:
                 ; 0000 0032         player2_y++;
00009f 01f5      	MOVW R30,R10
0000a0 9631      	ADIW R30,1
0000a1 c005      	RJMP _0x1F
                 ; 0000 0033    else{
                 _0xA:
                 ; 0000 0034    if(player2_y!=0)
0000a2 2c0a      	MOV  R0,R10
0000a3 280b      	OR   R0,R11
0000a4 f019      	BREQ _0xE
                 ; 0000 0035        player2_y--;
0000a5 01f5      	MOVW R30,R10
0000a6 9731      	SBIW R30,1
                 _0x1F:
0000a7 015f      	MOVW R10,R30
                 ; 0000 0036        }
                 _0xE:
                 ; 0000 0037 }
                 _0x20:
0000a8 91e9      	LD   R30,Y+
0000a9 bfef      	OUT  SREG,R30
0000aa 91f9      	LD   R31,Y+
0000ab 91e9      	LD   R30,Y+
0000ac 91a9      	LD   R26,Y+
0000ad 9009      	LD   R0,Y+
0000ae 9518      	RETI
                 ;
                 ;// Declare your global variables here
                 ;/*void print(int a){
                 ;
                 ;}*/
                 ;void main(void)
                 ; 0000 003E {
                 _main:
                 ; 0000 003F 
                 ; 0000 0040 // Declare your local variables here
                 ; 0000 0041 
                 ; 0000 0042 // Input/Output Ports initialization
                 ; 0000 0043 // Port A initialization
                 ; 0000 0044 // Func7=In Func6=In Func5=In Func4=In Func3=In Func2=In Func1=In Func0=In
                 ; 0000 0045 // State7=T State6=T State5=T State4=T State3=T State2=T State1=T State0=T
                 ; 0000 0046 PORTA=0x00;
0000af e0e0      	LDI  R30,LOW(0)
0000b0 bbeb      	OUT  0x1B,R30
                 ; 0000 0047 DDRA=0x00;
0000b1 bbea      	OUT  0x1A,R30
                 ; 0000 0048 
                 ; 0000 0049 // Port B initialization
                 ; 0000 004A // Func7=In Func6=In Func5=In Func4=In Func3=In Func2=In Func1=In Func0=In
                 ; 0000 004B // State7=T State6=T State5=T State4=T State3=T State2=T State1=T State0=T
                 ; 0000 004C PORTB=0x00;
0000b2 bbe8      	OUT  0x18,R30
                 ; 0000 004D DDRB=0x00;
0000b3 bbe7      	OUT  0x17,R30
                 ; 0000 004E 
                 ; 0000 004F // Port C initialization
                 ; 0000 0050 // Func7=In Func6=In Func5=In Func4=In Func3=In Func2=In Func1=In Func0=In
                 ; 0000 0051 // State7=T State6=T State5=T State4=T State3=T State2=T State1=T State0=T
                 ; 0000 0052 PORTC=0x00;
0000b4 bbe5      	OUT  0x15,R30
                 ; 0000 0053 DDRC=0x00;
0000b5 bbe4      	OUT  0x14,R30
                 ; 0000 0054 
                 ; 0000 0055 // Port D initialization
                 ; 0000 0056 // Func7=In Func6=In Func5=In Func4=In Func3=In Func2=In Func1=In Func0=In
                 ; 0000 0057 // State7=T State6=T State5=T State4=T State3=T State2=T State1=T State0=T
                 ; 0000 0058 PORTD=0x00;
0000b6 bbe2      	OUT  0x12,R30
                 ; 0000 0059 DDRD=0x00;
0000b7 bbe1      	OUT  0x11,R30
                 ; 0000 005A 
                 ; 0000 005B // Timer/Counter 0 initialization
                 ; 0000 005C // Clock source: System Clock
                 ; 0000 005D // Clock value: Timer 0 Stopped
                 ; 0000 005E // Mode: Normal top=0xFF
                 ; 0000 005F // OC0 output: Disconnected
                 ; 0000 0060 TCCR0=0x00;
0000b8 bfe3      	OUT  0x33,R30
                 ; 0000 0061 TCNT0=0x00;
0000b9 bfe2      	OUT  0x32,R30
                 ; 0000 0062 OCR0=0x00;
0000ba bfec      	OUT  0x3C,R30
                 ; 0000 0063 
                 ; 0000 0064 // Timer/Counter 1 initialization
                 ; 0000 0065 // Clock source: System Clock
                 ; 0000 0066 // Clock value: Timer1 Stopped
                 ; 0000 0067 // Mode: Normal top=0xFFFF
                 ; 0000 0068 // OC1A output: Discon.
                 ; 0000 0069 // OC1B output: Discon.
                 ; 0000 006A // Noise Canceler: Off
                 ; 0000 006B // Input Capture on Falling Edge
                 ; 0000 006C // Timer1 Overflow Interrupt: Off
                 ; 0000 006D // Input Capture Interrupt: Off
                 ; 0000 006E // Compare A Match Interrupt: Off
                 ; 0000 006F // Compare B Match Interrupt: Off
                 ; 0000 0070 TCCR1A=0x00;
0000bb bdef      	OUT  0x2F,R30
                 ; 0000 0071 TCCR1B=0x00;
0000bc bdee      	OUT  0x2E,R30
                 ; 0000 0072 TCNT1H=0x00;
0000bd bded      	OUT  0x2D,R30
                 ; 0000 0073 TCNT1L=0x00;
0000be bdec      	OUT  0x2C,R30
                 ; 0000 0074 ICR1H=0x00;
0000bf bde7      	OUT  0x27,R30
                 ; 0000 0075 ICR1L=0x00;
0000c0 bde6      	OUT  0x26,R30
                 ; 0000 0076 OCR1AH=0x00;
0000c1 bdeb      	OUT  0x2B,R30
                 ; 0000 0077 OCR1AL=0x00;
0000c2 bdea      	OUT  0x2A,R30
                 ; 0000 0078 OCR1BH=0x00;
0000c3 bde9      	OUT  0x29,R30
                 ; 0000 0079 OCR1BL=0x00;
0000c4 bde8      	OUT  0x28,R30
                 ; 0000 007A 
                 ; 0000 007B // Timer/Counter 2 initialization
                 ; 0000 007C // Clock source: System Clock
                 ; 0000 007D // Clock value: Timer2 Stopped
                 ; 0000 007E // Mode: Normal top=0xFF
                 ; 0000 007F // OC2 output: Disconnected
                 ; 0000 0080 ASSR=0x00;
0000c5 bde2      	OUT  0x22,R30
                 ; 0000 0081 TCCR2=0x00;
0000c6 bde5      	OUT  0x25,R30
                 ; 0000 0082 TCNT2=0x00;
0000c7 bde4      	OUT  0x24,R30
                 ; 0000 0083 OCR2=0x00;
0000c8 bde3      	OUT  0x23,R30
                 ; 0000 0084 
                 ; 0000 0085 // External Interrupt(s) initialization
                 ; 0000 0086 // INT0: On
                 ; 0000 0087 // INT0 Mode: Falling Edge
                 ; 0000 0088 // INT1: On
                 ; 0000 0089 // INT1 Mode: Falling Edge
                 ; 0000 008A // INT2: Off
                 ; 0000 008B GICR|=0xC0;
0000c9 b7eb      	IN   R30,0x3B
0000ca 6ce0      	ORI  R30,LOW(0xC0)
0000cb bfeb      	OUT  0x3B,R30
                 ; 0000 008C MCUCR=0x0A;
0000cc e0ea      	LDI  R30,LOW(10)
0000cd bfe5      	OUT  0x35,R30
                 ; 0000 008D MCUCSR=0x00;
0000ce e0e0      	LDI  R30,LOW(0)
0000cf bfe4      	OUT  0x34,R30
                 ; 0000 008E GIFR=0xC0;
0000d0 ece0      	LDI  R30,LOW(192)
0000d1 bfea      	OUT  0x3A,R30
                 ; 0000 008F 
                 ; 0000 0090 // Timer(s)/Counter(s) Interrupt(s) initialization
                 ; 0000 0091 TIMSK=0x00;
0000d2 e0e0      	LDI  R30,LOW(0)
0000d3 bfe9      	OUT  0x39,R30
                 ; 0000 0092 
                 ; 0000 0093 // USART initialization
                 ; 0000 0094 // USART disabled
                 ; 0000 0095 UCSRB=0x00;
0000d4 b9ea      	OUT  0xA,R30
                 ; 0000 0096 
                 ; 0000 0097 // Analog Comparator initialization
                 ; 0000 0098 // Analog Comparator: Off
                 ; 0000 0099 // Analog Comparator Input Capture by Timer/Counter 1: Off
                 ; 0000 009A ACSR=0x80;
0000d5 e8e0      	LDI  R30,LOW(128)
0000d6 b9e8      	OUT  0x8,R30
                 ; 0000 009B SFIOR=0x00;
0000d7 e0e0      	LDI  R30,LOW(0)
0000d8 bfe0      	OUT  0x30,R30
                 ; 0000 009C 
                 ; 0000 009D // ADC initialization
                 ; 0000 009E // ADC disabled
                 ; 0000 009F ADCSRA=0x00;
0000d9 b9e6      	OUT  0x6,R30
                 ; 0000 00A0 
                 ; 0000 00A1 // SPI initialization
                 ; 0000 00A2 // SPI disabled
                 ; 0000 00A3 SPCR=0x00;
0000da b9ed      	OUT  0xD,R30
                 ; 0000 00A4 
                 ; 0000 00A5 // TWI initialization
                 ; 0000 00A6 // TWI disabled
                 ; 0000 00A7 TWCR=0x00;
0000db bfe6      	OUT  0x36,R30
                 ; 0000 00A8 
                 ; 0000 00A9 // Alphanumeric LCD initialization
                 ; 0000 00AA // Connections are specified in the
                 ; 0000 00AB // Project|Configure|C Compiler|Libraries|Alphanumeric LCD menu:
                 ; 0000 00AC // RS - PORTA Bit 0
                 ; 0000 00AD // RD - PORTA Bit 1
                 ; 0000 00AE // EN - PORTA Bit 2
                 ; 0000 00AF // D4 - PORTA Bit 4
                 ; 0000 00B0 // D5 - PORTA Bit 5
                 ; 0000 00B1 // D6 - PORTA Bit 6
                 ; 0000 00B2 // D7 - PORTA Bit 7
                 ; 0000 00B3 // Characters/line: 8
                 ; 0000 00B4 lcd_init(16);
0000dc e1a0      	LDI  R26,LOW(16)
0000dd d0d8      	RCALL _lcd_init
                 ; 0000 00B5 
                 ; 0000 00B6 // Global enable interrupts
                 ; 0000 00B7 #asm("sei")
0000de 9478      	sei
                 ; 0000 00B8 
                 ; 0000 00B9 while (1)
                 _0xF:
                 ; 0000 00BA       {
                 ; 0000 00BB           lcd_gotoxy(ball_x,ball_y);
0000df 924a      	ST   -Y,R4
0000e0 2da6      	MOV  R26,R6
0000e1 d082      	RCALL _lcd_gotoxy
                 ; 0000 00BC           lcd_puts("*");
                +
0000e2 e6a0     +LDI R26 , LOW ( _0x12 + ( 0 ) )
0000e3 e0b1     +LDI R27 , HIGH ( _0x12 + ( 0 ) )
                 	__POINTW2MN _0x12,0
0000e4 d0c0      	RCALL _lcd_puts
                 ; 0000 00BD           lcd_gotoxy(0,player1_y);
0000e5 e0e0      	LDI  R30,LOW(0)
0000e6 93ea      	ST   -Y,R30
0000e7 2da8      	MOV  R26,R8
0000e8 d07b      	RCALL _lcd_gotoxy
                 ; 0000 00BE           lcd_puts("]");
                +
0000e9 e6a2     +LDI R26 , LOW ( _0x12 + ( 2 ) )
0000ea e0b1     +LDI R27 , HIGH ( _0x12 + ( 2 ) )
                 	__POINTW2MN _0x12,2
0000eb d0b9      	RCALL _lcd_puts
                 ; 0000 00BF           lcd_gotoxy(15,player2_y);
0000ec e0ef      	LDI  R30,LOW(15)
0000ed 93ea      	ST   -Y,R30
0000ee 2daa      	MOV  R26,R10
0000ef d074      	RCALL _lcd_gotoxy
                 ; 0000 00C0           lcd_puts("[");
                +
0000f0 e6a4     +LDI R26 , LOW ( _0x12 + ( 4 ) )
0000f1 e0b1     +LDI R27 , HIGH ( _0x12 + ( 4 ) )
                 	__POINTW2MN _0x12,4
0000f2 d0b2      	RCALL _lcd_puts
                 ; 0000 00C1           delay_ms(100);
0000f3 e6a4      	LDI  R26,LOW(100)
0000f4 d0f2      	RCALL SUBOPT_0x1
                 ; 0000 00C2           if(bool_x==1){
0000f5 91a0 0166 	LDS  R26,_bool_x
0000f7 91b0 0167 	LDS  R27,_bool_x+1
0000f9 9711      	SBIW R26,1
0000fa f419      	BRNE _0x13
                 ; 0000 00C3           ball_x++;}
0000fb 01f2      	MOVW R30,R4
0000fc 9631      	ADIW R30,1
0000fd 012f      	MOVW R4,R30
                 ; 0000 00C4           if(bool_x==0){
                 _0x13:
0000fe 91e0 0166 	LDS  R30,_bool_x
000100 91f0 0167 	LDS  R31,_bool_x+1
000102 9730      	SBIW R30,0
000103 f421      	BRNE _0x14
                 ; 0000 00C5           ball_x--;}
000104 01f2      	MOVW R30,R4
000105 9731      	SBIW R30,1
000106 012f      	MOVW R4,R30
000107 9631      	ADIW R30,1
                 ; 0000 00C6           if(bool_y==1){
                 _0x14:
000108 91a0 0168 	LDS  R26,_bool_y
00010a 91b0 0169 	LDS  R27,_bool_y+1
00010c 9711      	SBIW R26,1
00010d f419      	BRNE _0x15
                 ; 0000 00C7           ball_y++;}
00010e 01f3      	MOVW R30,R6
00010f 9631      	ADIW R30,1
000110 013f      	MOVW R6,R30
                 ; 0000 00C8           if(bool_y==0){
                 _0x15:
000111 91e0 0168 	LDS  R30,_bool_y
000113 91f0 0169 	LDS  R31,_bool_y+1
000115 9730      	SBIW R30,0
000116 f421      	BRNE _0x16
                 ; 0000 00C9           ball_y--;}
000117 01f3      	MOVW R30,R6
000118 9731      	SBIW R30,1
000119 013f      	MOVW R6,R30
00011a 9631      	ADIW R30,1
                 ; 0000 00CA           ////////////////////////
                 ; 0000 00CB           if(ball_y==3)
                 _0x16:
00011b e0e3      	LDI  R30,LOW(3)
00011c e0f0      	LDI  R31,HIGH(3)
00011d 15e6      	CP   R30,R6
00011e 05f7      	CPC  R31,R7
00011f f429      	BRNE _0x17
                 ; 0000 00CC             bool_y=0;
000120 e0e0      	LDI  R30,LOW(0)
000121 93e0 0168 	STS  _bool_y,R30
000123 93e0 0169 	STS  _bool_y+1,R30
                 ; 0000 00CD           if(ball_y==0)
                 _0x17:
000125 2c06      	MOV  R0,R6
000126 2807      	OR   R0,R7
000127 f431      	BRNE _0x18
                 ; 0000 00CE             bool_y=1;
000128 e0e1      	LDI  R30,LOW(1)
000129 e0f0      	LDI  R31,HIGH(1)
00012a 93e0 0168 	STS  _bool_y,R30
00012c 93f0 0169 	STS  _bool_y+1,R31
                 ; 0000 00CF           if(ball_x==1){
                 _0x18:
00012e e0e1      	LDI  R30,LOW(1)
00012f e0f0      	LDI  R31,HIGH(1)
000130 15e4      	CP   R30,R4
000131 05f5      	CPC  R31,R5
000132 f421      	BRNE _0x19
                 ; 0000 00D0             bool_x=1;
000133 93e0 0166 	STS  _bool_x,R30
000135 93f0 0167 	STS  _bool_x+1,R31
                 ; 0000 00D1           if(player2_y!=ball_y){
                 ; 0000 00D2           }
                 ; 0000 00D3           }
                 ; 0000 00D4           if(ball_x==14){
                 _0x19:
000137 e0ee      	LDI  R30,LOW(14)
000138 e0f0      	LDI  R31,HIGH(14)
000139 15e4      	CP   R30,R4
00013a 05f5      	CPC  R31,R5
00013b f429      	BRNE _0x1B
                 ; 0000 00D5             bool_x=0;
00013c e0e0      	LDI  R30,LOW(0)
00013d 93e0 0166 	STS  _bool_x,R30
00013f 93e0 0167 	STS  _bool_x+1,R30
                 ; 0000 00D6           if(player2_y!=ball_y){
                 ; 0000 00D7           }
                 ; 0000 00D8           }
                 ; 0000 00D9           lcd_clear();
                 _0x1B:
000141 d033      	RCALL _lcd_clear
                 ; 0000 00DA       }
000142 cf9c      	RJMP _0xF
                 ; 0000 00DB }
                 _0x1D:
000143 cfff      	RJMP _0x1D
                 
                 	.DSEG
                 _0x12:
000160           	.BYTE 0x6
                 	#ifndef __SLEEP_DEFINED__
                 	#endif
                 
                 	.DSEG
                 
                 	.CSEG
                 __lcd_write_nibble_G100:
000144 93aa      	ST   -Y,R26
000145 b3eb      	IN   R30,0x1B
000146 70ef      	ANDI R30,LOW(0xF)
000147 2fae      	MOV  R26,R30
000148 81e8      	LD   R30,Y
000149 7fe0      	ANDI R30,LOW(0xF0)
00014a 2bea      	OR   R30,R26
00014b bbeb      	OUT  0x1B,R30
                +
00014c e085     +LDI R24 , LOW ( 5 )
                +__DELAY_USB_LOOP :
00014d 958a     +DEC R24
00014e f7f1     +BRNE __DELAY_USB_LOOP
                 	__DELAY_USB 5
00014f 9ada      	SBI  0x1B,2
                +
000150 e08d     +LDI R24 , LOW ( 13 )
                +__DELAY_USB_LOOP :
000151 958a     +DEC R24
000152 f7f1     +BRNE __DELAY_USB_LOOP
                 	__DELAY_USB 13
000153 98da      	CBI  0x1B,2
                +
000154 e08d     +LDI R24 , LOW ( 13 )
                +__DELAY_USB_LOOP :
000155 958a     +DEC R24
000156 f7f1     +BRNE __DELAY_USB_LOOP
                 	__DELAY_USB 13
000157 c086      	RJMP _0x2020001
                 __lcd_write_data:
000158 93aa      	ST   -Y,R26
000159 81a8      	LD   R26,Y
00015a dfe9      	RCALL __lcd_write_nibble_G100
00015b 81e8          ld    r30,y
00015c 95e2          swap  r30
00015d 83e8          st    y,r30
00015e 81a8      	LD   R26,Y
00015f dfe4      	RCALL __lcd_write_nibble_G100
                +
000160 e885     +LDI R24 , LOW ( 133 )
                +__DELAY_USB_LOOP :
000161 958a     +DEC R24
000162 f7f1     +BRNE __DELAY_USB_LOOP
                 	__DELAY_USB 133
000163 c07a      	RJMP _0x2020001
                 _lcd_gotoxy:
000164 93aa      	ST   -Y,R26
000165 81e8      	LD   R30,Y
000166 e0f0      	LDI  R31,0
000167 59e6      	SUBI R30,LOW(-__base_y_G100)
000168 4ffe      	SBCI R31,HIGH(-__base_y_G100)
000169 81e0      	LD   R30,Z
00016a 81a9      	LDD  R26,Y+1
00016b 0fae      	ADD  R26,R30
00016c dfeb      	RCALL __lcd_write_data
00016d 81e9      	LDD  R30,Y+1
00016e 93e0 016e 	STS  __lcd_x,R30
000170 81e8      	LD   R30,Y
000171 93e0 016f 	STS  __lcd_y,R30
000173 9622      	ADIW R28,2
000174 9508      	RET
                 _lcd_clear:
000175 e0a2      	LDI  R26,LOW(2)
000176 dfe1      	RCALL __lcd_write_data
000177 e0a3      	LDI  R26,LOW(3)
000178 d06e      	RCALL SUBOPT_0x1
000179 e0ac      	LDI  R26,LOW(12)
00017a dfdd      	RCALL __lcd_write_data
00017b e0a1      	LDI  R26,LOW(1)
00017c dfdb      	RCALL __lcd_write_data
00017d e0a3      	LDI  R26,LOW(3)
00017e d068      	RCALL SUBOPT_0x1
00017f e0e0      	LDI  R30,LOW(0)
000180 93e0 016f 	STS  __lcd_y,R30
000182 93e0 016e 	STS  __lcd_x,R30
000184 9508      	RET
                 _lcd_putchar:
000185 93aa      	ST   -Y,R26
000186 81a8      	LD   R26,Y
000187 30aa      	CPI  R26,LOW(0xA)
000188 f031      	BREQ _0x2000005
000189 91e0 0170 	LDS  R30,__lcd_maxx
00018b 91a0 016e 	LDS  R26,__lcd_x
00018d 17ae      	CP   R26,R30
00018e f060      	BRLO _0x2000004
                 _0x2000005:
00018f e0e0      	LDI  R30,LOW(0)
000190 93ea      	ST   -Y,R30
000191 91a0 016f 	LDS  R26,__lcd_y
000193 5faf      	SUBI R26,-LOW(1)
000194 93a0 016f 	STS  __lcd_y,R26
000196 dfcd      	RCALL _lcd_gotoxy
000197 81a8      	LD   R26,Y
000198 30aa      	CPI  R26,LOW(0xA)
000199 f409      	BRNE _0x2000007
00019a c043      	RJMP _0x2020001
                 _0x2000007:
                 _0x2000004:
00019b 91e0 016e 	LDS  R30,__lcd_x
00019d 5fef      	SUBI R30,-LOW(1)
00019e 93e0 016e 	STS  __lcd_x,R30
0001a0 9ad8      	SBI  0x1B,0
0001a1 81a8      	LD   R26,Y
0001a2 dfb5      	RCALL __lcd_write_data
0001a3 98d8      	CBI  0x1B,0
0001a4 c039      	RJMP _0x2020001
                 _lcd_puts:
0001a5 93ba      	ST   -Y,R27
0001a6 93aa      	ST   -Y,R26
0001a7 931a      	ST   -Y,R17
                 _0x2000008:
0001a8 81a9      	LDD  R26,Y+1
0001a9 81ba      	LDD  R27,Y+1+1
0001aa 91ed      	LD   R30,X+
0001ab 83a9      	STD  Y+1,R26
0001ac 83ba      	STD  Y+1+1,R27
0001ad 2f1e      	MOV  R17,R30
0001ae 30e0      	CPI  R30,0
0001af f019      	BREQ _0x200000A
0001b0 2fa1      	MOV  R26,R17
0001b1 dfd3      	RCALL _lcd_putchar
0001b2 cff5      	RJMP _0x2000008
                 _0x200000A:
0001b3 8118      	LDD  R17,Y+0
0001b4 9623      	ADIW R28,3
0001b5 9508      	RET
                 _lcd_init:
0001b6 93aa      	ST   -Y,R26
0001b7 b3ea      	IN   R30,0x1A
0001b8 6fe0      	ORI  R30,LOW(0xF0)
0001b9 bbea      	OUT  0x1A,R30
0001ba 9ad2      	SBI  0x1A,2
0001bb 9ad0      	SBI  0x1A,0
0001bc 9ad1      	SBI  0x1A,1
0001bd 98da      	CBI  0x1B,2
0001be 98d8      	CBI  0x1B,0
0001bf 98d9      	CBI  0x1B,1
0001c0 81e8      	LD   R30,Y
0001c1 93e0 0170 	STS  __lcd_maxx,R30
0001c3 58e0      	SUBI R30,-LOW(128)
                +
0001c4 93e0 016c+STS __base_y_G100 + ( 2 ) , R30
                 	__PUTB1MN __base_y_G100,2
0001c6 81e8      	LD   R30,Y
0001c7 54e0      	SUBI R30,-LOW(192)
                +
0001c8 93e0 016d+STS __base_y_G100 + ( 3 ) , R30
                 	__PUTB1MN __base_y_G100,3
0001ca e1a4      	LDI  R26,LOW(20)
0001cb d01b      	RCALL SUBOPT_0x1
0001cc d01d      	RCALL SUBOPT_0x2
0001cd d01c      	RCALL SUBOPT_0x2
0001ce d01b      	RCALL SUBOPT_0x2
0001cf e2a0      	LDI  R26,LOW(32)
0001d0 df73      	RCALL __lcd_write_nibble_G100
                +
0001d1 ec88     +LDI R24 , LOW ( 200 )
0001d2 e090     +LDI R25 , HIGH ( 200 )
                +__DELAY_USW_LOOP :
0001d3 9701     +SBIW R24 , 1
0001d4 f7f1     +BRNE __DELAY_USW_LOOP
                 	__DELAY_USW 200
0001d5 e2a8      	LDI  R26,LOW(40)
0001d6 df81      	RCALL __lcd_write_data
0001d7 e0a4      	LDI  R26,LOW(4)
0001d8 df7f      	RCALL __lcd_write_data
0001d9 e8a5      	LDI  R26,LOW(133)
0001da df7d      	RCALL __lcd_write_data
0001db e0a6      	LDI  R26,LOW(6)
0001dc df7b      	RCALL __lcd_write_data
0001dd df97      	RCALL _lcd_clear
                 _0x2020001:
0001de 9621      	ADIW R28,1
0001df 9508      	RET
                 
                 	.DSEG
                 _bool_x:
000166           	.BYTE 0x2
                 _bool_y:
000168           	.BYTE 0x2
                 __base_y_G100:
00016a           	.BYTE 0x4
                 __lcd_x:
00016e           	.BYTE 0x1
                 __lcd_y:
00016f           	.BYTE 0x1
                 __lcd_maxx:
000170           	.BYTE 0x1
                 
                 	.CSEG
                 ;OPTIMIZER ADDED SUBROUTINE, CALLED 2 TIMES, CODE SIZE REDUCTION:1 WORDS
                 SUBOPT_0x0:
0001e0 920a      	ST   -Y,R0
0001e1 93aa      	ST   -Y,R26
0001e2 93ea      	ST   -Y,R30
0001e3 93fa      	ST   -Y,R31
0001e4 b7ef      	IN   R30,SREG
0001e5 93ea      	ST   -Y,R30
0001e6 9508      	RET
                 
                 ;OPTIMIZER ADDED SUBROUTINE, CALLED 4 TIMES, CODE SIZE REDUCTION:6 WORDS
                 SUBOPT_0x1:
0001e7 e0b0      	LDI  R27,0
0001e8 940c 01f1 	JMP  _delay_ms
                 
                 ;OPTIMIZER ADDED SUBROUTINE, CALLED 3 TIMES, CODE SIZE REDUCTION:7 WORDS
                 SUBOPT_0x2:
0001ea e3a0      	LDI  R26,LOW(48)
0001eb df58      	RCALL __lcd_write_nibble_G100
                +
0001ec ec88     +LDI R24 , LOW ( 200 )
0001ed e090     +LDI R25 , HIGH ( 200 )
                +__DELAY_USW_LOOP :
0001ee 9701     +SBIW R24 , 1
0001ef f7f1     +BRNE __DELAY_USW_LOOP
                 	__DELAY_USW 200
0001f0 9508      	RET
                 
                 
                 	.CSEG
                 _delay_ms:
0001f1 9610      	adiw r26,0
0001f2 f039      	breq __delay_ms1
                 __delay_ms0:
                +
0001f3 ed80     +LDI R24 , LOW ( 0x7D0 )
0001f4 e097     +LDI R25 , HIGH ( 0x7D0 )
                +__DELAY_USW_LOOP :
0001f5 9701     +SBIW R24 , 1
0001f6 f7f1     +BRNE __DELAY_USW_LOOP
                 	__DELAY_USW 0x7D0
0001f7 95a8      	wdr
0001f8 9711      	sbiw r26,1
0001f9 f7c9      	brne __delay_ms0
                 __delay_ms1:
0001fa 9508      	ret
                 
                 ;END OF CODE MARKER
                 __END_OF_CODE:


RESOURCE USE INFORMATION
------------------------

Notice:
The register and instruction counts are symbol table hit counts,
and hence implicitly used resources are not counted, eg, the
'lpm' instruction without operands implicitly uses r0 and z,
none of which are counted.

x,y,z are separate entities in the symbol table and are
counted separately from r26..r31 here.

.dseg memory usage only counts static data declared with .byte

ATmega16 register use summary:
r0 :  12 r1 :   1 r2 :   0 r3 :   0 r4 :   7 r5 :   2 r6 :   7 r7 :   2 
r8 :   6 r9 :   2 r10:   6 r11:   2 r12:   0 r13:   0 r14:   0 r15:   0 
r16:   0 r17:   4 r18:   0 r19:   0 r20:   0 r21:   0 r22:   2 r23:   0 
r24:  21 r25:   5 r26:  62 r27:  11 r28:   4 r29:   1 r30: 158 r31:  24 
x  :   4 y  :  41 z  :   8 
Registers used: 23 out of 35 (65.7%)

ATmega16 instruction use summary:
.lds  :   0 .lds.l:   0 .sts  :   0 .sts.l:   0 adc   :   0 add   :   1 
adiw  :  10 and   :   0 andi  :   2 asr   :   0 bclr  :   0 bld   :   0 
brbc  :   0 brbs  :   0 brcc  :   0 brcs  :   0 break :   0 breq  :   7 
brge  :   0 brhc  :   0 brhs  :   0 brid  :   0 brie  :   0 brlo  :   1 
brlt  :   0 brmi  :   0 brne  :  23 brpl  :   0 brsh  :   0 brtc  :   0 
brts  :   0 brvc  :   0 brvs  :   0 bset  :   0 bst   :   0 call  :   2 
cbi   :   5 cbr   :   0 clc   :   0 clh   :   0 cli   :   1 cln   :   0 
clr   :   2 cls   :   0 clt   :   0 clv   :   0 clz   :   0 com   :   0 
cp    :   6 cpc   :   5 cpi   :   5 cpse  :   0 dec   :   5 des   :   0 
eor   :   0 fmul  :   0 fmuls :   0 fmulsu:   0 icall :   0 ijmp  :   0 
in    :   4 inc   :   0 jmp   :  23 ld    :  18 ldd   :   5 ldi   :  74 
lds   :  12 lpm   :   7 lsl   :   0 lsr   :   0 mov   :   9 movw  :  17 
mul   :   0 muls  :   0 mulsu :   0 neg   :   0 nop   :   0 or    :   4 
ori   :   2 out   :  47 pop   :   0 push  :   0 rcall :  31 ret   :   7 
reti  :   1 rjmp  :  13 rol   :   0 ror   :   0 sbc   :   0 sbci  :   1 
sbi   :   5 sbic  :   2 sbis  :   0 sbiw  :  15 sbr   :   0 sbrc  :   0 
sbrs  :   0 sec   :   0 seh   :   0 sei   :   1 sen   :   0 ser   :   0 
ses   :   0 set   :   0 sev   :   0 sez   :   0 sleep :   0 spm   :   0 
st    :  21 std   :   2 sts   :  17 sub   :   0 subi  :   5 swap  :   1 
tst   :   0 wdr   :   1 
Instructions used: 41 out of 116 (35.3%)

ATmega16 memory use summary [bytes]:
Segment   Begin    End      Code   Data   Used    Size   Use%
---------------------------------------------------------------
[.cseg] 0x000000 0x0003f6    948     66   1014   16384   6.2%
[.dseg] 0x000060 0x000171      0     17     17    1119   1.5%
[.eseg] 0x000000 0x000000      0      0      0     512   0.0%

Assembly complete, 0 errors, 7 warnings
