
AVRASM ver. 2.1.30  D:\robatic\proteos\ping 2\List\ping.asm Mon May 01 11:17:55 2017

D:\robatic\proteos\ping 2\List\ping.asm(1072): warning: Register r4 already defined by the .DEF directive
D:\robatic\proteos\ping 2\List\ping.asm(1073): warning: Register r6 already defined by the .DEF directive
D:\robatic\proteos\ping 2\List\ping.asm(1074): warning: Register r8 already defined by the .DEF directive
D:\robatic\proteos\ping 2\List\ping.asm(1075): warning: Register r10 already defined by the .DEF directive
D:\robatic\proteos\ping 2\List\ping.asm(1076): warning: Register r12 already defined by the .DEF directive
                 
                 
                 ;CodeVisionAVR C Compiler V2.05.3 Standard
                 ;(C) Copyright 1998-2011 Pavel Haiduc, HP InfoTech s.r.l.
                 ;http://www.hpinfotech.com
                 
                 ;Chip type                : ATmega16
                 ;Program type             : Application
                 ;Clock frequency          : 8.000000 MHz
                 ;Memory model             : Small
                 ;Optimize for             : Size
                 ;(s)printf features       : int, width
                 ;(s)scanf features        : int, width
                 ;External RAM size        : 0
                 ;Data Stack size          : 256 byte(s)
                 ;Heap size                : 0 byte(s)
                 ;Promote 'char' to 'int'  : Yes
                 ;'char' is unsigned       : Yes
                 ;8 bit enums              : Yes
                 ;Global 'const' stored in FLASH     : No
                 ;Enhanced function parameter passing: Yes
                 ;Enhanced core instructions         : On
                 ;Smart register allocation          : On
                 ;Automatic register allocation      : On
                 
                 	#pragma AVRPART ADMIN PART_NAME ATmega16
                 	#pragma AVRPART MEMORY PROG_FLASH 16384
                 	#pragma AVRPART MEMORY EEPROM 512
                 	#pragma AVRPART MEMORY INT_SRAM SIZE 1119
                 	#pragma AVRPART MEMORY INT_SRAM START_ADDR 0x60
                 
                 	#define CALL_SUPPORTED 1
                 
                 	.LISTMAC
                 	.EQU UDRE=0x5
                 	.EQU RXC=0x7
                 	.EQU USR=0xB
                 	.EQU UDR=0xC
                 	.EQU SPSR=0xE
                 	.EQU SPDR=0xF
                 	.EQU EERE=0x0
                 	.EQU EEWE=0x1
                 	.EQU EEMWE=0x2
                 	.EQU EECR=0x1C
                 	.EQU EEDR=0x1D
                 	.EQU EEARL=0x1E
                 	.EQU EEARH=0x1F
                 	.EQU WDTCR=0x21
                 	.EQU MCUCR=0x35
                 	.EQU GICR=0x3B
                 	.EQU SPL=0x3D
                 	.EQU SPH=0x3E
                 	.EQU SREG=0x3F
                 
                 	.DEF R0X0=R0
                 	.DEF R0X1=R1
                 	.DEF R0X2=R2
                 	.DEF R0X3=R3
                 	.DEF R0X4=R4
                 	.DEF R0X5=R5
                 	.DEF R0X6=R6
                 	.DEF R0X7=R7
                 	.DEF R0X8=R8
                 	.DEF R0X9=R9
                 	.DEF R0XA=R10
                 	.DEF R0XB=R11
                 	.DEF R0XC=R12
                 	.DEF R0XD=R13
                 	.DEF R0XE=R14
                 	.DEF R0XF=R15
                 	.DEF R0X10=R16
                 	.DEF R0X11=R17
                 	.DEF R0X12=R18
                 	.DEF R0X13=R19
                 	.DEF R0X14=R20
                 	.DEF R0X15=R21
                 	.DEF R0X16=R22
                 	.DEF R0X17=R23
                 	.DEF R0X18=R24
                 	.DEF R0X19=R25
                 	.DEF R0X1A=R26
                 	.DEF R0X1B=R27
                 	.DEF R0X1C=R28
                 	.DEF R0X1D=R29
                 	.DEF R0X1E=R30
                 	.DEF R0X1F=R31
                 
                 	.EQU __SRAM_START=0x0060
                 	.EQU __SRAM_END=0x045F
                 	.EQU __DSTACK_SIZE=0x0100
                 	.EQU __HEAP_SIZE=0x0000
                 	.EQU __CLEAR_SRAM_SIZE=__SRAM_END-__SRAM_START+1
                 
                 	.MACRO __CPD1N
                 	CPI  R30,LOW(@0)
                 	LDI  R26,HIGH(@0)
                 	CPC  R31,R26
                 	LDI  R26,BYTE3(@0)
                 	CPC  R22,R26
                 	LDI  R26,BYTE4(@0)
                 	CPC  R23,R26
                 	.ENDM
                 
                 	.MACRO __CPD2N
                 	CPI  R26,LOW(@0)
                 	LDI  R30,HIGH(@0)
                 	CPC  R27,R30
                 	LDI  R30,BYTE3(@0)
                 	CPC  R24,R30
                 	LDI  R30,BYTE4(@0)
                 	CPC  R25,R30
                 	.ENDM
                 
                 	.MACRO __CPWRR
                 	CP   R@0,R@2
                 	CPC  R@1,R@3
                 	.ENDM
                 
                 	.MACRO __CPWRN
                 	CPI  R@0,LOW(@2)
                 	LDI  R30,HIGH(@2)
                 	CPC  R@1,R30
                 	.ENDM
                 
                 	.MACRO __ADDB1MN
                 	SUBI R30,LOW(-@0-(@1))
                 	.ENDM
                 
                 	.MACRO __ADDB2MN
                 	SUBI R26,LOW(-@0-(@1))
                 	.ENDM
                 
                 	.MACRO __ADDW1MN
                 	SUBI R30,LOW(-@0-(@1))
                 	SBCI R31,HIGH(-@0-(@1))
                 	.ENDM
                 
                 	.MACRO __ADDW2MN
                 	SUBI R26,LOW(-@0-(@1))
                 	SBCI R27,HIGH(-@0-(@1))
                 	.ENDM
                 
                 	.MACRO __ADDW1FN
                 	SUBI R30,LOW(-2*@0-(@1))
                 	SBCI R31,HIGH(-2*@0-(@1))
                 	.ENDM
                 
                 	.MACRO __ADDD1FN
                 	SUBI R30,LOW(-2*@0-(@1))
                 	SBCI R31,HIGH(-2*@0-(@1))
                 	SBCI R22,BYTE3(-2*@0-(@1))
                 	.ENDM
                 
                 	.MACRO __ADDD1N
                 	SUBI R30,LOW(-@0)
                 	SBCI R31,HIGH(-@0)
                 	SBCI R22,BYTE3(-@0)
                 	SBCI R23,BYTE4(-@0)
                 	.ENDM
                 
                 	.MACRO __ADDD2N
                 	SUBI R26,LOW(-@0)
                 	SBCI R27,HIGH(-@0)
                 	SBCI R24,BYTE3(-@0)
                 	SBCI R25,BYTE4(-@0)
                 	.ENDM
                 
                 	.MACRO __SUBD1N
                 	SUBI R30,LOW(@0)
                 	SBCI R31,HIGH(@0)
                 	SBCI R22,BYTE3(@0)
                 	SBCI R23,BYTE4(@0)
                 	.ENDM
                 
                 	.MACRO __SUBD2N
                 	SUBI R26,LOW(@0)
                 	SBCI R27,HIGH(@0)
                 	SBCI R24,BYTE3(@0)
                 	SBCI R25,BYTE4(@0)
                 	.ENDM
                 
                 	.MACRO __ANDBMNN
                 	LDS  R30,@0+(@1)
                 	ANDI R30,LOW(@2)
                 	STS  @0+(@1),R30
                 	.ENDM
                 
                 	.MACRO __ANDWMNN
                 	LDS  R30,@0+(@1)
                 	ANDI R30,LOW(@2)
                 	STS  @0+(@1),R30
                 	LDS  R30,@0+(@1)+1
                 	ANDI R30,HIGH(@2)
                 	STS  @0+(@1)+1,R30
                 	.ENDM
                 
                 	.MACRO __ANDD1N
                 	ANDI R30,LOW(@0)
                 	ANDI R31,HIGH(@0)
                 	ANDI R22,BYTE3(@0)
                 	ANDI R23,BYTE4(@0)
                 	.ENDM
                 
                 	.MACRO __ANDD2N
                 	ANDI R26,LOW(@0)
                 	ANDI R27,HIGH(@0)
                 	ANDI R24,BYTE3(@0)
                 	ANDI R25,BYTE4(@0)
                 	.ENDM
                 
                 	.MACRO __ORBMNN
                 	LDS  R30,@0+(@1)
                 	ORI  R30,LOW(@2)
                 	STS  @0+(@1),R30
                 	.ENDM
                 
                 	.MACRO __ORWMNN
                 	LDS  R30,@0+(@1)
                 	ORI  R30,LOW(@2)
                 	STS  @0+(@1),R30
                 	LDS  R30,@0+(@1)+1
                 	ORI  R30,HIGH(@2)
                 	STS  @0+(@1)+1,R30
                 	.ENDM
                 
                 	.MACRO __ORD1N
                 	ORI  R30,LOW(@0)
                 	ORI  R31,HIGH(@0)
                 	ORI  R22,BYTE3(@0)
                 	ORI  R23,BYTE4(@0)
                 	.ENDM
                 
                 	.MACRO __ORD2N
                 	ORI  R26,LOW(@0)
                 	ORI  R27,HIGH(@0)
                 	ORI  R24,BYTE3(@0)
                 	ORI  R25,BYTE4(@0)
                 	.ENDM
                 
                 	.MACRO __DELAY_USB
                 	LDI  R24,LOW(@0)
                 __DELAY_USB_LOOP:
                 	DEC  R24
                 	BRNE __DELAY_USB_LOOP
                 	.ENDM
                 
                 	.MACRO __DELAY_USW
                 	LDI  R24,LOW(@0)
                 	LDI  R25,HIGH(@0)
                 __DELAY_USW_LOOP:
                 	SBIW R24,1
                 	BRNE __DELAY_USW_LOOP
                 	.ENDM
                 
                 	.MACRO __GETD1S
                 	LDD  R30,Y+@0
                 	LDD  R31,Y+@0+1
                 	LDD  R22,Y+@0+2
                 	LDD  R23,Y+@0+3
                 	.ENDM
                 
                 	.MACRO __GETD2S
                 	LDD  R26,Y+@0
                 	LDD  R27,Y+@0+1
                 	LDD  R24,Y+@0+2
                 	LDD  R25,Y+@0+3
                 	.ENDM
                 
                 	.MACRO __PUTD1S
                 	STD  Y+@0,R30
                 	STD  Y+@0+1,R31
                 	STD  Y+@0+2,R22
                 	STD  Y+@0+3,R23
                 	.ENDM
                 
                 	.MACRO __PUTD2S
                 	STD  Y+@0,R26
                 	STD  Y+@0+1,R27
                 	STD  Y+@0+2,R24
                 	STD  Y+@0+3,R25
                 	.ENDM
                 
                 	.MACRO __PUTDZ2
                 	STD  Z+@0,R26
                 	STD  Z+@0+1,R27
                 	STD  Z+@0+2,R24
                 	STD  Z+@0+3,R25
                 	.ENDM
                 
                 	.MACRO __CLRD1S
                 	STD  Y+@0,R30
                 	STD  Y+@0+1,R30
                 	STD  Y+@0+2,R30
                 	STD  Y+@0+3,R30
                 	.ENDM
                 
                 	.MACRO __POINTB1MN
                 	LDI  R30,LOW(@0+(@1))
                 	.ENDM
                 
                 	.MACRO __POINTW1MN
                 	LDI  R30,LOW(@0+(@1))
                 	LDI  R31,HIGH(@0+(@1))
                 	.ENDM
                 
                 	.MACRO __POINTD1M
                 	LDI  R30,LOW(@0)
                 	LDI  R31,HIGH(@0)
                 	LDI  R22,BYTE3(@0)
                 	LDI  R23,BYTE4(@0)
                 	.ENDM
                 
                 	.MACRO __POINTW1FN
                 	LDI  R30,LOW(2*@0+(@1))
                 	LDI  R31,HIGH(2*@0+(@1))
                 	.ENDM
                 
                 	.MACRO __POINTD1FN
                 	LDI  R30,LOW(2*@0+(@1))
                 	LDI  R31,HIGH(2*@0+(@1))
                 	LDI  R22,BYTE3(2*@0+(@1))
                 	LDI  R23,BYTE4(2*@0+(@1))
                 	.ENDM
                 
                 	.MACRO __POINTB2MN
                 	LDI  R26,LOW(@0+(@1))
                 	.ENDM
                 
                 	.MACRO __POINTW2MN
                 	LDI  R26,LOW(@0+(@1))
                 	LDI  R27,HIGH(@0+(@1))
                 	.ENDM
                 
                 	.MACRO __POINTW2FN
                 	LDI  R26,LOW(2*@0+(@1))
                 	LDI  R27,HIGH(2*@0+(@1))
                 	.ENDM
                 
                 	.MACRO __POINTD2FN
                 	LDI  R26,LOW(2*@0+(@1))
                 	LDI  R27,HIGH(2*@0+(@1))
                 	LDI  R24,BYTE3(2*@0+(@1))
                 	LDI  R25,BYTE4(2*@0+(@1))
                 	.ENDM
                 
                 	.MACRO __POINTBRM
                 	LDI  R@0,LOW(@1)
                 	.ENDM
                 
                 	.MACRO __POINTWRM
                 	LDI  R@0,LOW(@2)
                 	LDI  R@1,HIGH(@2)
                 	.ENDM
                 
                 	.MACRO __POINTBRMN
                 	LDI  R@0,LOW(@1+(@2))
                 	.ENDM
                 
                 	.MACRO __POINTWRMN
                 	LDI  R@0,LOW(@2+(@3))
                 	LDI  R@1,HIGH(@2+(@3))
                 	.ENDM
                 
                 	.MACRO __POINTWRFN
                 	LDI  R@0,LOW(@2*2+(@3))
                 	LDI  R@1,HIGH(@2*2+(@3))
                 	.ENDM
                 
                 	.MACRO __GETD1N
                 	LDI  R30,LOW(@0)
                 	LDI  R31,HIGH(@0)
                 	LDI  R22,BYTE3(@0)
                 	LDI  R23,BYTE4(@0)
                 	.ENDM
                 
                 	.MACRO __GETD2N
                 	LDI  R26,LOW(@0)
                 	LDI  R27,HIGH(@0)
                 	LDI  R24,BYTE3(@0)
                 	LDI  R25,BYTE4(@0)
                 	.ENDM
                 
                 	.MACRO __GETB1MN
                 	LDS  R30,@0+(@1)
                 	.ENDM
                 
                 	.MACRO __GETB1HMN
                 	LDS  R31,@0+(@1)
                 	.ENDM
                 
                 	.MACRO __GETW1MN
                 	LDS  R30,@0+(@1)
                 	LDS  R31,@0+(@1)+1
                 	.ENDM
                 
                 	.MACRO __GETD1MN
                 	LDS  R30,@0+(@1)
                 	LDS  R31,@0+(@1)+1
                 	LDS  R22,@0+(@1)+2
                 	LDS  R23,@0+(@1)+3
                 	.ENDM
                 
                 	.MACRO __GETBRMN
                 	LDS  R@0,@1+(@2)
                 	.ENDM
                 
                 	.MACRO __GETWRMN
                 	LDS  R@0,@2+(@3)
                 	LDS  R@1,@2+(@3)+1
                 	.ENDM
                 
                 	.MACRO __GETWRZ
                 	LDD  R@0,Z+@2
                 	LDD  R@1,Z+@2+1
                 	.ENDM
                 
                 	.MACRO __GETD2Z
                 	LDD  R26,Z+@0
                 	LDD  R27,Z+@0+1
                 	LDD  R24,Z+@0+2
                 	LDD  R25,Z+@0+3
                 	.ENDM
                 
                 	.MACRO __GETB2MN
                 	LDS  R26,@0+(@1)
                 	.ENDM
                 
                 	.MACRO __GETW2MN
                 	LDS  R26,@0+(@1)
                 	LDS  R27,@0+(@1)+1
                 	.ENDM
                 
                 	.MACRO __GETD2MN
                 	LDS  R26,@0+(@1)
                 	LDS  R27,@0+(@1)+1
                 	LDS  R24,@0+(@1)+2
                 	LDS  R25,@0+(@1)+3
                 	.ENDM
                 
                 	.MACRO __PUTB1MN
                 	STS  @0+(@1),R30
                 	.ENDM
                 
                 	.MACRO __PUTW1MN
                 	STS  @0+(@1),R30
                 	STS  @0+(@1)+1,R31
                 	.ENDM
                 
                 	.MACRO __PUTD1MN
                 	STS  @0+(@1),R30
                 	STS  @0+(@1)+1,R31
                 	STS  @0+(@1)+2,R22
                 	STS  @0+(@1)+3,R23
                 	.ENDM
                 
                 	.MACRO __PUTB1EN
                 	LDI  R26,LOW(@0+(@1))
                 	LDI  R27,HIGH(@0+(@1))
                 	CALL __EEPROMWRB
                 	.ENDM
                 
                 	.MACRO __PUTW1EN
                 	LDI  R26,LOW(@0+(@1))
                 	LDI  R27,HIGH(@0+(@1))
                 	CALL __EEPROMWRW
                 	.ENDM
                 
                 	.MACRO __PUTD1EN
                 	LDI  R26,LOW(@0+(@1))
                 	LDI  R27,HIGH(@0+(@1))
                 	CALL __EEPROMWRD
                 	.ENDM
                 
                 	.MACRO __PUTBR0MN
                 	STS  @0+(@1),R0
                 	.ENDM
                 
                 	.MACRO __PUTBMRN
                 	STS  @0+(@1),R@2
                 	.ENDM
                 
                 	.MACRO __PUTWMRN
                 	STS  @0+(@1),R@2
                 	STS  @0+(@1)+1,R@3
                 	.ENDM
                 
                 	.MACRO __PUTBZR
                 	STD  Z+@1,R@0
                 	.ENDM
                 
                 	.MACRO __PUTWZR
                 	STD  Z+@2,R@0
                 	STD  Z+@2+1,R@1
                 	.ENDM
                 
                 	.MACRO __GETW1R
                 	MOV  R30,R@0
                 	MOV  R31,R@1
                 	.ENDM
                 
                 	.MACRO __GETW2R
                 	MOV  R26,R@0
                 	MOV  R27,R@1
                 	.ENDM
                 
                 	.MACRO __GETWRN
                 	LDI  R@0,LOW(@2)
                 	LDI  R@1,HIGH(@2)
                 	.ENDM
                 
                 	.MACRO __PUTW1R
                 	MOV  R@0,R30
                 	MOV  R@1,R31
                 	.ENDM
                 
                 	.MACRO __PUTW2R
                 	MOV  R@0,R26
                 	MOV  R@1,R27
                 	.ENDM
                 
                 	.MACRO __ADDWRN
                 	SUBI R@0,LOW(-@2)
                 	SBCI R@1,HIGH(-@2)
                 	.ENDM
                 
                 	.MACRO __ADDWRR
                 	ADD  R@0,R@2
                 	ADC  R@1,R@3
                 	.ENDM
                 
                 	.MACRO __SUBWRN
                 	SUBI R@0,LOW(@2)
                 	SBCI R@1,HIGH(@2)
                 	.ENDM
                 
                 	.MACRO __SUBWRR
                 	SUB  R@0,R@2
                 	SBC  R@1,R@3
                 	.ENDM
                 
                 	.MACRO __ANDWRN
                 	ANDI R@0,LOW(@2)
                 	ANDI R@1,HIGH(@2)
                 	.ENDM
                 
                 	.MACRO __ANDWRR
                 	AND  R@0,R@2
                 	AND  R@1,R@3
                 	.ENDM
                 
                 	.MACRO __ORWRN
                 	ORI  R@0,LOW(@2)
                 	ORI  R@1,HIGH(@2)
                 	.ENDM
                 
                 	.MACRO __ORWRR
                 	OR   R@0,R@2
                 	OR   R@1,R@3
                 	.ENDM
                 
                 	.MACRO __EORWRR
                 	EOR  R@0,R@2
                 	EOR  R@1,R@3
                 	.ENDM
                 
                 	.MACRO __GETWRS
                 	LDD  R@0,Y+@2
                 	LDD  R@1,Y+@2+1
                 	.ENDM
                 
                 	.MACRO __PUTBSR
                 	STD  Y+@1,R@0
                 	.ENDM
                 
                 	.MACRO __PUTWSR
                 	STD  Y+@2,R@0
                 	STD  Y+@2+1,R@1
                 	.ENDM
                 
                 	.MACRO __MOVEWRR
                 	MOV  R@0,R@2
                 	MOV  R@1,R@3
                 	.ENDM
                 
                 	.MACRO __INWR
                 	IN   R@0,@2
                 	IN   R@1,@2+1
                 	.ENDM
                 
                 	.MACRO __OUTWR
                 	OUT  @2+1,R@1
                 	OUT  @2,R@0
                 	.ENDM
                 
                 	.MACRO __CALL1MN
                 	LDS  R30,@0+(@1)
                 	LDS  R31,@0+(@1)+1
                 	ICALL
                 	.ENDM
                 
                 	.MACRO __CALL1FN
                 	LDI  R30,LOW(2*@0+(@1))
                 	LDI  R31,HIGH(2*@0+(@1))
                 	CALL __GETW1PF
                 	ICALL
                 	.ENDM
                 
                 	.MACRO __CALL2EN
                 	LDI  R26,LOW(@0+(@1))
                 	LDI  R27,HIGH(@0+(@1))
                 	CALL __EEPROMRDW
                 	ICALL
                 	.ENDM
                 
                 	.MACRO __GETW1STACK
                 	IN   R26,SPL
                 	IN   R27,SPH
                 	ADIW R26,@0+1
                 	LD   R30,X+
                 	LD   R31,X
                 	.ENDM
                 
                 	.MACRO __GETD1STACK
                 	IN   R26,SPL
                 	IN   R27,SPH
                 	ADIW R26,@0+1
                 	LD   R30,X+
                 	LD   R31,X+
                 	LD   R22,X
                 	.ENDM
                 
                 	.MACRO __NBST
                 	BST  R@0,@1
                 	IN   R30,SREG
                 	LDI  R31,0x40
                 	EOR  R30,R31
                 	OUT  SREG,R30
                 	.ENDM
                 
                 
                 	.MACRO __PUTB1SN
                 	LDD  R26,Y+@0
                 	LDD  R27,Y+@0+1
                 	SUBI R26,LOW(-@1)
                 	SBCI R27,HIGH(-@1)
                 	ST   X,R30
                 	.ENDM
                 
                 	.MACRO __PUTW1SN
                 	LDD  R26,Y+@0
                 	LDD  R27,Y+@0+1
                 	SUBI R26,LOW(-@1)
                 	SBCI R27,HIGH(-@1)
                 	ST   X+,R30
                 	ST   X,R31
                 	.ENDM
                 
                 	.MACRO __PUTD1SN
                 	LDD  R26,Y+@0
                 	LDD  R27,Y+@0+1
                 	SUBI R26,LOW(-@1)
                 	SBCI R27,HIGH(-@1)
                 	CALL __PUTDP1
                 	.ENDM
                 
                 	.MACRO __PUTB1SNS
                 	LDD  R26,Y+@0
                 	LDD  R27,Y+@0+1
                 	ADIW R26,@1
                 	ST   X,R30
                 	.ENDM
                 
                 	.MACRO __PUTW1SNS
                 	LDD  R26,Y+@0
                 	LDD  R27,Y+@0+1
                 	ADIW R26,@1
                 	ST   X+,R30
                 	ST   X,R31
                 	.ENDM
                 
                 	.MACRO __PUTD1SNS
                 	LDD  R26,Y+@0
                 	LDD  R27,Y+@0+1
                 	ADIW R26,@1
                 	CALL __PUTDP1
                 	.ENDM
                 
                 	.MACRO __PUTB1PMN
                 	LDS  R26,@0
                 	LDS  R27,@0+1
                 	SUBI R26,LOW(-@1)
                 	SBCI R27,HIGH(-@1)
                 	ST   X,R30
                 	.ENDM
                 
                 	.MACRO __PUTW1PMN
                 	LDS  R26,@0
                 	LDS  R27,@0+1
                 	SUBI R26,LOW(-@1)
                 	SBCI R27,HIGH(-@1)
                 	ST   X+,R30
                 	ST   X,R31
                 	.ENDM
                 
                 	.MACRO __PUTD1PMN
                 	LDS  R26,@0
                 	LDS  R27,@0+1
                 	SUBI R26,LOW(-@1)
                 	SBCI R27,HIGH(-@1)
                 	CALL __PUTDP1
                 	.ENDM
                 
                 	.MACRO __PUTB1PMNS
                 	LDS  R26,@0
                 	LDS  R27,@0+1
                 	ADIW R26,@1
                 	ST   X,R30
                 	.ENDM
                 
                 	.MACRO __PUTW1PMNS
                 	LDS  R26,@0
                 	LDS  R27,@0+1
                 	ADIW R26,@1
                 	ST   X+,R30
                 	ST   X,R31
                 	.ENDM
                 
                 	.MACRO __PUTD1PMNS
                 	LDS  R26,@0
                 	LDS  R27,@0+1
                 	ADIW R26,@1
                 	CALL __PUTDP1
                 	.ENDM
                 
                 	.MACRO __PUTB1RN
                 	MOVW R26,R@0
                 	SUBI R26,LOW(-@1)
                 	SBCI R27,HIGH(-@1)
                 	ST   X,R30
                 	.ENDM
                 
                 	.MACRO __PUTW1RN
                 	MOVW R26,R@0
                 	SUBI R26,LOW(-@1)
                 	SBCI R27,HIGH(-@1)
                 	ST   X+,R30
                 	ST   X,R31
                 	.ENDM
                 
                 	.MACRO __PUTD1RN
                 	MOVW R26,R@0
                 	SUBI R26,LOW(-@1)
                 	SBCI R27,HIGH(-@1)
                 	CALL __PUTDP1
                 	.ENDM
                 
                 	.MACRO __PUTB1RNS
                 	MOVW R26,R@0
                 	ADIW R26,@1
                 	ST   X,R30
                 	.ENDM
                 
                 	.MACRO __PUTW1RNS
                 	MOVW R26,R@0
                 	ADIW R26,@1
                 	ST   X+,R30
                 	ST   X,R31
                 	.ENDM
                 
                 	.MACRO __PUTD1RNS
                 	MOVW R26,R@0
                 	ADIW R26,@1
                 	CALL __PUTDP1
                 	.ENDM
                 
                 	.MACRO __PUTB1RON
                 	MOV  R26,R@0
                 	MOV  R27,R@1
                 	SUBI R26,LOW(-@2)
                 	SBCI R27,HIGH(-@2)
                 	ST   X,R30
                 	.ENDM
                 
                 	.MACRO __PUTW1RON
                 	MOV  R26,R@0
                 	MOV  R27,R@1
                 	SUBI R26,LOW(-@2)
                 	SBCI R27,HIGH(-@2)
                 	ST   X+,R30
                 	ST   X,R31
                 	.ENDM
                 
                 	.MACRO __PUTD1RON
                 	MOV  R26,R@0
                 	MOV  R27,R@1
                 	SUBI R26,LOW(-@2)
                 	SBCI R27,HIGH(-@2)
                 	CALL __PUTDP1
                 	.ENDM
                 
                 	.MACRO __PUTB1RONS
                 	MOV  R26,R@0
                 	MOV  R27,R@1
                 	ADIW R26,@2
                 	ST   X,R30
                 	.ENDM
                 
                 	.MACRO __PUTW1RONS
                 	MOV  R26,R@0
                 	MOV  R27,R@1
                 	ADIW R26,@2
                 	ST   X+,R30
                 	ST   X,R31
                 	.ENDM
                 
                 	.MACRO __PUTD1RONS
                 	MOV  R26,R@0
                 	MOV  R27,R@1
                 	ADIW R26,@2
                 	CALL __PUTDP1
                 	.ENDM
                 
                 
                 	.MACRO __GETB1SX
                 	MOVW R30,R28
                 	SUBI R30,LOW(-@0)
                 	SBCI R31,HIGH(-@0)
                 	LD   R30,Z
                 	.ENDM
                 
                 	.MACRO __GETB1HSX
                 	MOVW R30,R28
                 	SUBI R30,LOW(-@0)
                 	SBCI R31,HIGH(-@0)
                 	LD   R31,Z
                 	.ENDM
                 
                 	.MACRO __GETW1SX
                 	MOVW R30,R28
                 	SUBI R30,LOW(-@0)
                 	SBCI R31,HIGH(-@0)
                 	LD   R0,Z+
                 	LD   R31,Z
                 	MOV  R30,R0
                 	.ENDM
                 
                 	.MACRO __GETD1SX
                 	MOVW R30,R28
                 	SUBI R30,LOW(-@0)
                 	SBCI R31,HIGH(-@0)
                 	LD   R0,Z+
                 	LD   R1,Z+
                 	LD   R22,Z+
                 	LD   R23,Z
                 	MOVW R30,R0
                 	.ENDM
                 
                 	.MACRO __GETB2SX
                 	MOVW R26,R28
                 	SUBI R26,LOW(-@0)
                 	SBCI R27,HIGH(-@0)
                 	LD   R26,X
                 	.ENDM
                 
                 	.MACRO __GETW2SX
                 	MOVW R26,R28
                 	SUBI R26,LOW(-@0)
                 	SBCI R27,HIGH(-@0)
                 	LD   R0,X+
                 	LD   R27,X
                 	MOV  R26,R0
                 	.ENDM
                 
                 	.MACRO __GETD2SX
                 	MOVW R26,R28
                 	SUBI R26,LOW(-@0)
                 	SBCI R27,HIGH(-@0)
                 	LD   R0,X+
                 	LD   R1,X+
                 	LD   R24,X+
                 	LD   R25,X
                 	MOVW R26,R0
                 	.ENDM
                 
                 	.MACRO __GETBRSX
                 	MOVW R30,R28
                 	SUBI R30,LOW(-@1)
                 	SBCI R31,HIGH(-@1)
                 	LD   R@0,Z
                 	.ENDM
                 
                 	.MACRO __GETWRSX
                 	MOVW R30,R28
                 	SUBI R30,LOW(-@2)
                 	SBCI R31,HIGH(-@2)
                 	LD   R@0,Z+
                 	LD   R@1,Z
                 	.ENDM
                 
                 	.MACRO __GETBRSX2
                 	MOVW R26,R28
                 	SUBI R26,LOW(-@1)
                 	SBCI R27,HIGH(-@1)
                 	LD   R@0,X
                 	.ENDM
                 
                 	.MACRO __GETWRSX2
                 	MOVW R26,R28
                 	SUBI R26,LOW(-@2)
                 	SBCI R27,HIGH(-@2)
                 	LD   R@0,X+
                 	LD   R@1,X
                 	.ENDM
                 
                 	.MACRO __LSLW8SX
                 	MOVW R30,R28
                 	SUBI R30,LOW(-@0)
                 	SBCI R31,HIGH(-@0)
                 	LD   R31,Z
                 	CLR  R30
                 	.ENDM
                 
                 	.MACRO __PUTB1SX
                 	MOVW R26,R28
                 	SUBI R26,LOW(-@0)
                 	SBCI R27,HIGH(-@0)
                 	ST   X,R30
                 	.ENDM
                 
                 	.MACRO __PUTW1SX
                 	MOVW R26,R28
                 	SUBI R26,LOW(-@0)
                 	SBCI R27,HIGH(-@0)
                 	ST   X+,R30
                 	ST   X,R31
                 	.ENDM
                 
                 	.MACRO __PUTD1SX
                 	MOVW R26,R28
                 	SUBI R26,LOW(-@0)
                 	SBCI R27,HIGH(-@0)
                 	ST   X+,R30
                 	ST   X+,R31
                 	ST   X+,R22
                 	ST   X,R23
                 	.ENDM
                 
                 	.MACRO __CLRW1SX
                 	MOVW R26,R28
                 	SUBI R26,LOW(-@0)
                 	SBCI R27,HIGH(-@0)
                 	ST   X+,R30
                 	ST   X,R30
                 	.ENDM
                 
                 	.MACRO __CLRD1SX
                 	MOVW R26,R28
                 	SUBI R26,LOW(-@0)
                 	SBCI R27,HIGH(-@0)
                 	ST   X+,R30
                 	ST   X+,R30
                 	ST   X+,R30
                 	ST   X,R30
                 	.ENDM
                 
                 	.MACRO __PUTB2SX
                 	MOVW R30,R28
                 	SUBI R30,LOW(-@0)
                 	SBCI R31,HIGH(-@0)
                 	ST   Z,R26
                 	.ENDM
                 
                 	.MACRO __PUTW2SX
                 	MOVW R30,R28
                 	SUBI R30,LOW(-@0)
                 	SBCI R31,HIGH(-@0)
                 	ST   Z+,R26
                 	ST   Z,R27
                 	.ENDM
                 
                 	.MACRO __PUTD2SX
                 	MOVW R30,R28
                 	SUBI R30,LOW(-@0)
                 	SBCI R31,HIGH(-@0)
                 	ST   Z+,R26
                 	ST   Z+,R27
                 	ST   Z+,R24
                 	ST   Z,R25
                 	.ENDM
                 
                 	.MACRO __PUTBSRX
                 	MOVW R30,R28
                 	SUBI R30,LOW(-@1)
                 	SBCI R31,HIGH(-@1)
                 	ST   Z,R@0
                 	.ENDM
                 
                 	.MACRO __PUTWSRX
                 	MOVW R30,R28
                 	SUBI R30,LOW(-@2)
                 	SBCI R31,HIGH(-@2)
                 	ST   Z+,R@0
                 	ST   Z,R@1
                 	.ENDM
                 
                 	.MACRO __PUTB1SNX
                 	MOVW R26,R28
                 	SUBI R26,LOW(-@0)
                 	SBCI R27,HIGH(-@0)
                 	LD   R0,X+
                 	LD   R27,X
                 	MOV  R26,R0
                 	SUBI R26,LOW(-@1)
                 	SBCI R27,HIGH(-@1)
                 	ST   X,R30
                 	.ENDM
                 
                 	.MACRO __PUTW1SNX
                 	MOVW R26,R28
                 	SUBI R26,LOW(-@0)
                 	SBCI R27,HIGH(-@0)
                 	LD   R0,X+
                 	LD   R27,X
                 	MOV  R26,R0
                 	SUBI R26,LOW(-@1)
                 	SBCI R27,HIGH(-@1)
                 	ST   X+,R30
                 	ST   X,R31
                 	.ENDM
                 
                 	.MACRO __PUTD1SNX
                 	MOVW R26,R28
                 	SUBI R26,LOW(-@0)
                 	SBCI R27,HIGH(-@0)
                 	LD   R0,X+
                 	LD   R27,X
                 	MOV  R26,R0
                 	SUBI R26,LOW(-@1)
                 	SBCI R27,HIGH(-@1)
                 	ST   X+,R30
                 	ST   X+,R31
                 	ST   X+,R22
                 	ST   X,R23
                 	.ENDM
                 
                 	.MACRO __MULBRR
                 	MULS R@0,R@1
                 	MOVW R30,R0
                 	.ENDM
                 
                 	.MACRO __MULBRRU
                 	MUL  R@0,R@1
                 	MOVW R30,R0
                 	.ENDM
                 
                 	.MACRO __MULBRR0
                 	MULS R@0,R@1
                 	.ENDM
                 
                 	.MACRO __MULBRRU0
                 	MUL  R@0,R@1
                 	.ENDM
                 
                 	.MACRO __MULBNWRU
                 	LDI  R26,@2
                 	MUL  R26,R@0
                 	MOVW R30,R0
                 	MUL  R26,R@1
                 	ADD  R31,R0
                 	.ENDM
                 
                 ;NAME DEFINITIONS FOR GLOBAL VARIABLES ALLOCATED TO REGISTERS
                 	.DEF _ball_x=R4
                 	.DEF _ball_y=R6
                 	.DEF _player1_y=R8
                 	.DEF _player2_y=R10
                 	.DEF _player1_score=R12
                 
                 	.CSEG
                 	.ORG 0x00
                 
                 ;START OF CODE MARKER
                 __START_OF_CODE:
                 
                 ;INTERRUPT VECTORS
000000 940c 005f 	JMP  __RESET
000002 940c 008f 	JMP  _ext_int0_isr
000004 940c 00a6 	JMP  _ext_int1_isr
000006 940c 0000 	JMP  0x00
000008 940c 0000 	JMP  0x00
00000a 940c 0000 	JMP  0x00
00000c 940c 0000 	JMP  0x00
00000e 940c 0000 	JMP  0x00
000010 940c 0000 	JMP  0x00
000012 940c 0000 	JMP  0x00
000014 940c 0000 	JMP  0x00
000016 940c 0000 	JMP  0x00
000018 940c 0000 	JMP  0x00
00001a 940c 0000 	JMP  0x00
00001c 940c 0000 	JMP  0x00
00001e 940c 0000 	JMP  0x00
000020 940c 0000 	JMP  0x00
000022 940c 0000 	JMP  0x00
000024 940c 0000 	JMP  0x00
000026 940c 0000 	JMP  0x00
000028 940c 0000 	JMP  0x00
                 
                 _0x3:
D:\robatic\proteos\ping 2\List\ping.asm(1108): warning: .cseg .db misalignment - padding zero byte
00002a 0001      	.DB  0x1
                 _0x4:
D:\robatic\proteos\ping 2\List\ping.asm(1110): warning: .cseg .db misalignment - padding zero byte
00002b 0001      	.DB  0x1
                 _0x2F:
00002c 0007
00002d 0002
00002e 0000
00002f 0000      	.DB  0x7,0x0,0x2,0x0,0x0,0x0,0x0,0x0
000030 0000      	.DB  0x0,0x0
                 _0x0:
000031 002a
000032 005d
000033 005b
000034 6c70      	.DB  0x2A,0x0,0x5D,0x0,0x5B,0x0,0x70,0x6C
000035 7961
000036 7265
000037 3220
000038 7720      	.DB  0x61,0x79,0x65,0x72,0x20,0x32,0x20,0x77
000039 6e69
00003a 0073
00003b 6c70
00003c 7961      	.DB  0x69,0x6E,0x73,0x0,0x70,0x6C,0x61,0x79
00003d 7265
00003e 3120
00003f 7720
000040 6e69      	.DB  0x65,0x72,0x20,0x31,0x20,0x77,0x69,0x6E
000041 0073      	.DB  0x73,0x0
                 _0x2000003:
000042 c080      	.DB  0x80,0xC0
                 
                 __GLOBAL_INI_TBL:
000043 0001      	.DW  0x01
000044 0184      	.DW  _bool_x
000045 0054      	.DW  _0x3*2
                 
000046 0001      	.DW  0x01
000047 0186      	.DW  _bool_y
000048 0056      	.DW  _0x4*2
                 
000049 0002      	.DW  0x02
00004a 0160      	.DW  _0x1F
00004b 0062      	.DW  _0x0*2
                 
00004c 0002      	.DW  0x02
00004d 0162      	.DW  _0x1F+2
00004e 0064      	.DW  _0x0*2+2
                 
00004f 0002      	.DW  0x02
000050 0164      	.DW  _0x1F+4
000051 0066      	.DW  _0x0*2+4
                 
000052 000e      	.DW  0x0E
000053 0166      	.DW  _0x1F+6
000054 0068      	.DW  _0x0*2+6
                 
000055 000e      	.DW  0x0E
000056 0174      	.DW  _0x1F+20
000057 0076      	.DW  _0x0*2+20
                 
000058 000a      	.DW  0x0A
000059 0004      	.DW  0x04
00005a 0058      	.DW  _0x2F*2
                 
00005b 0002      	.DW  0x02
00005c 0188      	.DW  __base_y_G100
00005d 0084      	.DW  _0x2000003*2
                 
                 _0xFFFFFFFF:
00005e 0000      	.DW  0
                 
                 __RESET:
00005f 94f8      	CLI
000060 27ee      	CLR  R30
000061 bbec      	OUT  EECR,R30
                 
                 ;INTERRUPT VECTORS ARE PLACED
                 ;AT THE START OF FLASH
000062 e0f1      	LDI  R31,1
000063 bffb      	OUT  GICR,R31
000064 bfeb      	OUT  GICR,R30
000065 bfe5      	OUT  MCUCR,R30
                 
                 ;DISABLE WATCHDOG
000066 e1f8      	LDI  R31,0x18
000067 bdf1      	OUT  WDTCR,R31
000068 bde1      	OUT  WDTCR,R30
                 
                 ;CLEAR R2-R14
000069 e08d      	LDI  R24,(14-2)+1
00006a e0a2      	LDI  R26,2
00006b 27bb      	CLR  R27
                 __CLEAR_REG:
00006c 93ed      	ST   X+,R30
00006d 958a      	DEC  R24
00006e f7e9      	BRNE __CLEAR_REG
                 
                 ;CLEAR SRAM
00006f e080      	LDI  R24,LOW(__CLEAR_SRAM_SIZE)
000070 e094      	LDI  R25,HIGH(__CLEAR_SRAM_SIZE)
000071 e6a0      	LDI  R26,__SRAM_START
                 __CLEAR_SRAM:
000072 93ed      	ST   X+,R30
000073 9701      	SBIW R24,1
000074 f7e9      	BRNE __CLEAR_SRAM
                 
                 ;GLOBAL VARIABLES INITIALIZATION
000075 e8e6      	LDI  R30,LOW(__GLOBAL_INI_TBL*2)
000076 e0f0      	LDI  R31,HIGH(__GLOBAL_INI_TBL*2)
                 __GLOBAL_INI_NEXT:
000077 9185      	LPM  R24,Z+
000078 9195      	LPM  R25,Z+
000079 9700      	SBIW R24,0
00007a f061      	BREQ __GLOBAL_INI_END
00007b 91a5      	LPM  R26,Z+
00007c 91b5      	LPM  R27,Z+
00007d 9005      	LPM  R0,Z+
00007e 9015      	LPM  R1,Z+
00007f 01bf      	MOVW R22,R30
000080 01f0      	MOVW R30,R0
                 __GLOBAL_INI_LOOP:
000081 9005      	LPM  R0,Z+
000082 920d      	ST   X+,R0
000083 9701      	SBIW R24,1
000084 f7e1      	BRNE __GLOBAL_INI_LOOP
000085 01fb      	MOVW R30,R22
000086 cff0      	RJMP __GLOBAL_INI_NEXT
                 __GLOBAL_INI_END:
                 
                 ;HARDWARE STACK POINTER INITIALIZATION
000087 e5ef      	LDI  R30,LOW(__SRAM_END-__HEAP_SIZE)
000088 bfed      	OUT  SPL,R30
000089 e0e4      	LDI  R30,HIGH(__SRAM_END-__HEAP_SIZE)
00008a bfee      	OUT  SPH,R30
                 
                 ;DATA STACK POINTER INITIALIZATION
00008b e6c0      	LDI  R28,LOW(__SRAM_START+__DSTACK_SIZE)
00008c e0d1      	LDI  R29,HIGH(__SRAM_START+__DSTACK_SIZE)
                 
00008d 940c 00c3 	JMP  _main
                 
                 	.ESEG
                 	.ORG 0
                 
                 	.DSEG
                 	.ORG 0x160
                 
                 	.CSEG
                 ;/*****************************************************
                 ;This program was produced by the
                 ;CodeWizardAVR V2.05.3 Standard
                 ;Automatic Program Generator
                 ;© Copyright 1998-2011 Pavel Haiduc, HP InfoTech s.r.l.
                 ;http://www.hpinfotech.com
                 ;
                 ;Project :
                 ;Version :
                 ;Date    : 4/30/2017
                 ;Author  : Amin
                 ;Company : Microsoft
                 ;Comments:
                 ;
                 ;
                 ;Chip type               : ATmega16
                 ;Program type            : Application
                 ;AVR Core Clock frequency: 8.000000 MHz
                 ;Memory model            : Small
                 ;External RAM size       : 0
                 ;Data Stack size         : 256
                 ;*****************************************************/
                 ;
                 ;#include <mega16.h>
                 	#ifndef __SLEEP_DEFINED__
                 	#define __SLEEP_DEFINED__
                 	.EQU __se_bit=0x40
                 	.EQU __sm_mask=0xB0
                 	.EQU __sm_powerdown=0x20
                 	.EQU __sm_powersave=0x30
                 	.EQU __sm_standby=0xA0
                 	.EQU __sm_ext_standby=0xB0
                 	.EQU __sm_adc_noise_red=0x10
                 	.SET power_ctrl_reg=mcucr
                 	#endif
                 ;#include <delay.h>
                 ;// Alphanumeric LCD functions
                 ;#include <alcd.h>
                 ;
                 ;int ball_x=7,ball_y=2,player1_y=0,player2_y=0;
                 ;int player1_score=0,player2_score=0;
                 ;int bool_x=1,bool_y=1;
                 
                 	.DSEG
                 ;
                 ;// External Interrupt 0 service routine
                 ;interrupt [EXT_INT0] void ext_int0_isr(void)
                 ; 0000 0023 {
                 
                 	.CSEG
                 _ext_int0_isr:
00008f 940e 0209 	CALL SUBOPT_0x0
                 ; 0000 0024 // Place your code here
                 ; 0000 0025     if(PINC.0==0 && player1_y!=3){
000091 e0a0      	LDI  R26,0
000092 9998      	SBIC 0x13,0
000093 e0a1      	LDI  R26,1
000094 30a0      	CPI  R26,LOW(0x0)
000095 f429      	BRNE _0x6
000096 e0e3      	LDI  R30,LOW(3)
000097 e0f0      	LDI  R31,HIGH(3)
000098 15e8      	CP   R30,R8
000099 05f9      	CPC  R31,R9
00009a f409      	BRNE _0x7
                 _0x6:
00009b c003      	RJMP _0x5
                 _0x7:
                 ; 0000 0026       player1_y++;}
00009c 01f4      	MOVW R30,R8
00009d 9631      	ADIW R30,1
00009e c005      	RJMP _0x2B
                 ; 0000 0027       else{
                 _0x5:
                 ; 0000 0028    if(player1_y!=0)
00009f 2c08      	MOV  R0,R8
0000a0 2809      	OR   R0,R9
0000a1 f019      	BREQ _0x9
                 ; 0000 0029        player1_y--;
0000a2 01f4      	MOVW R30,R8
0000a3 9731      	SBIW R30,1
                 _0x2B:
0000a4 014f      	MOVW R8,R30
                 ; 0000 002A        }
                 _0x9:
                 ; 0000 002B 
                 ; 0000 002C }
0000a5 c016      	RJMP _0x2E
                 ;
                 ;// External Interrupt 1 service routine
                 ;interrupt [EXT_INT1] void ext_int1_isr(void)
                 ; 0000 0030 {
                 _ext_int1_isr:
0000a6 940e 0209 	CALL SUBOPT_0x0
                 ; 0000 0031 // Place your code here
                 ; 0000 0032 if(PIND.4==0 && player2_y!=3)
0000a8 e0a0      	LDI  R26,0
0000a9 9984      	SBIC 0x10,4
0000aa e0a1      	LDI  R26,1
0000ab 30a0      	CPI  R26,LOW(0x0)
0000ac f429      	BRNE _0xB
0000ad e0e3      	LDI  R30,LOW(3)
0000ae e0f0      	LDI  R31,HIGH(3)
0000af 15ea      	CP   R30,R10
0000b0 05fb      	CPC  R31,R11
0000b1 f409      	BRNE _0xC
                 _0xB:
0000b2 c003      	RJMP _0xA
                 _0xC:
                 ; 0000 0033         player2_y++;
0000b3 01f5      	MOVW R30,R10
0000b4 9631      	ADIW R30,1
0000b5 c005      	RJMP _0x2C
                 ; 0000 0034    else{
                 _0xA:
                 ; 0000 0035    if(player2_y!=0)
0000b6 2c0a      	MOV  R0,R10
0000b7 280b      	OR   R0,R11
0000b8 f019      	BREQ _0xE
                 ; 0000 0036        player2_y--;
0000b9 01f5      	MOVW R30,R10
0000ba 9731      	SBIW R30,1
                 _0x2C:
0000bb 015f      	MOVW R10,R30
                 ; 0000 0037        }
                 _0xE:
                 ; 0000 0038 
                 ; 0000 0039 }
                 _0x2E:
0000bc 91e9      	LD   R30,Y+
0000bd bfef      	OUT  SREG,R30
0000be 91f9      	LD   R31,Y+
0000bf 91e9      	LD   R30,Y+
0000c0 91a9      	LD   R26,Y+
0000c1 9009      	LD   R0,Y+
0000c2 9518      	RETI
                 ;
                 ;// Declare your global variables here
                 ;void print(int a){
                 ; 0000 003C void print(int a){
                 ; 0000 003D 
                 ; 0000 003E           switch(a){
                 ;	a -> Y+0
                 ; 0000 003F                 case 0:{
                 ; 0000 0040                 PORTB=0x3F;
                 ; 0000 0041                 }
                 ; 0000 0042                 break;
                 ; 0000 0043                 case 1:{
                 ; 0000 0044                 PORTB=0x06;
                 ; 0000 0045                 }
                 ; 0000 0046                 break;
                 ; 0000 0047                 case 2:
                 ; 0000 0048                 {
                 ; 0000 0049                 PORTB=0x5B;
                 ; 0000 004A                 }
                 ; 0000 004B                 break;
                 ; 0000 004C                 case 3:
                 ; 0000 004D                 {
                 ; 0000 004E                 PORTB=0x4F;
                 ; 0000 004F 
                 ; 0000 0050                 }
                 ; 0000 0051                 break;
                 ; 0000 0052                 case 4:
                 ; 0000 0053                 {
                 ; 0000 0054                 PORTB=0x066;
                 ; 0000 0055 
                 ; 0000 0056                 }
                 ; 0000 0057                 break;
                 ; 0000 0058                 case 5:
                 ; 0000 0059                 {
                 ; 0000 005A                 PORTB=0x6d;
                 ; 0000 005B 
                 ; 0000 005C                 }
                 ; 0000 005D                 break;
                 ; 0000 005E                 case 6:
                 ; 0000 005F                 {
                 ; 0000 0060                 PORTB=0x7d;
                 ; 0000 0061 
                 ; 0000 0062                 }
                 ; 0000 0063                 break;
                 ; 0000 0064                 case 7:
                 ; 0000 0065                 {
                 ; 0000 0066                 PORTB=0x07;
                 ; 0000 0067 
                 ; 0000 0068                 }
                 ; 0000 0069                 break;
                 ; 0000 006A                 case 8:
                 ; 0000 006B                 {
                 ; 0000 006C                 PORTB=0x7f;
                 ; 0000 006D 
                 ; 0000 006E                 }
                 ; 0000 006F                 break;
                 ; 0000 0070                 case 9:
                 ; 0000 0071                 {
                 ; 0000 0072                 PORTB=0x6f;
                 ; 0000 0073                 }
                 ; 0000 0074                 break;
                 ; 0000 0075           }
                 ; 0000 0076        }
                 ;
                 ;void main(void)
                 ; 0000 0079 {
                 _main:
                 ; 0000 007A // Declare your local variables here
                 ; 0000 007B 
                 ; 0000 007C // Input/Output Ports initialization
                 ; 0000 007D // Port A initialization
                 ; 0000 007E // Func7=In Func6=In Func5=In Func4=In Func3=In Func2=In Func1=In Func0=In
                 ; 0000 007F // State7=T State6=T State5=T State4=T State3=T State2=T State1=T State0=T
                 ; 0000 0080 PORTA=0x00;
0000c3 e0e0      	LDI  R30,LOW(0)
0000c4 bbeb      	OUT  0x1B,R30
                 ; 0000 0081 DDRA=0x00;
0000c5 bbea      	OUT  0x1A,R30
                 ; 0000 0082 
                 ; 0000 0083 // Port B initialization
                 ; 0000 0084 // Func7=In Func6=In Func5=In Func4=In Func3=In Func2=In Func1=In Func0=In
                 ; 0000 0085 // State7=T State6=T State5=T State4=T State3=T State2=T State1=T State0=T
                 ; 0000 0086 PORTB=0x00;
0000c6 bbe8      	OUT  0x18,R30
                 ; 0000 0087 DDRB=0xff;
0000c7 efef      	LDI  R30,LOW(255)
0000c8 bbe7      	OUT  0x17,R30
                 ; 0000 0088 
                 ; 0000 0089 // Port C initialization
                 ; 0000 008A // Func7=In Func6=In Func5=In Func4=In Func3=In Func2=In Func1=In Func0=In
                 ; 0000 008B // State7=T State6=T State5=T State4=T State3=T State2=T State1=T State0=T
                 ; 0000 008C PORTC=0xff;
0000c9 bbe5      	OUT  0x15,R30
                 ; 0000 008D DDRC=0xc0;
0000ca ece0      	LDI  R30,LOW(192)
0000cb bbe4      	OUT  0x14,R30
                 ; 0000 008E 
                 ; 0000 008F // Port D initialization
                 ; 0000 0090 // Func7=In Func6=In Func5=In Func4=In Func3=In Func2=In Func1=In Func0=In
                 ; 0000 0091 // State7=T State6=T State5=T State4=T State3=T State2=T State1=T State0=T
                 ; 0000 0092 PORTD=0xff;
0000cc efef      	LDI  R30,LOW(255)
0000cd bbe2      	OUT  0x12,R30
                 ; 0000 0093 DDRD=0x00;
0000ce e0e0      	LDI  R30,LOW(0)
0000cf bbe1      	OUT  0x11,R30
                 ; 0000 0094 
                 ; 0000 0095 // Timer/Counter 0 initialization
                 ; 0000 0096 // Clock source: System Clock
                 ; 0000 0097 // Clock value: Timer 0 Stopped
                 ; 0000 0098 // Mode: Normal top=0xFF
                 ; 0000 0099 // OC0 output: Disconnected
                 ; 0000 009A TCCR0=0x00;
0000d0 bfe3      	OUT  0x33,R30
                 ; 0000 009B TCNT0=0x00;
0000d1 bfe2      	OUT  0x32,R30
                 ; 0000 009C OCR0=0x00;
0000d2 bfec      	OUT  0x3C,R30
                 ; 0000 009D 
                 ; 0000 009E // Timer/Counter 1 initialization
                 ; 0000 009F // Clock source: System Clock
                 ; 0000 00A0 // Clock value: Timer1 Stopped
                 ; 0000 00A1 // Mode: Normal top=0xFFFF
                 ; 0000 00A2 // OC1A output: Discon.
                 ; 0000 00A3 // OC1B output: Discon.
                 ; 0000 00A4 // Noise Canceler: Off
                 ; 0000 00A5 // Input Capture on Falling Edge
                 ; 0000 00A6 // Timer1 Overflow Interrupt: Off
                 ; 0000 00A7 // Input Capture Interrupt: Off
                 ; 0000 00A8 // Compare A Match Interrupt: Off
                 ; 0000 00A9 // Compare B Match Interrupt: Off
                 ; 0000 00AA TCCR1A=0x00;
0000d3 bdef      	OUT  0x2F,R30
                 ; 0000 00AB TCCR1B=0x00;
0000d4 bdee      	OUT  0x2E,R30
                 ; 0000 00AC TCNT1H=0x00;
0000d5 bded      	OUT  0x2D,R30
                 ; 0000 00AD TCNT1L=0x00;
0000d6 bdec      	OUT  0x2C,R30
                 ; 0000 00AE ICR1H=0x00;
0000d7 bde7      	OUT  0x27,R30
                 ; 0000 00AF ICR1L=0x00;
0000d8 bde6      	OUT  0x26,R30
                 ; 0000 00B0 OCR1AH=0x00;
0000d9 bdeb      	OUT  0x2B,R30
                 ; 0000 00B1 OCR1AL=0x00;
0000da bdea      	OUT  0x2A,R30
                 ; 0000 00B2 OCR1BH=0x00;
0000db bde9      	OUT  0x29,R30
                 ; 0000 00B3 OCR1BL=0x00;
0000dc bde8      	OUT  0x28,R30
                 ; 0000 00B4 
                 ; 0000 00B5 // Timer/Counter 2 initialization
                 ; 0000 00B6 // Clock source: System Clock
                 ; 0000 00B7 // Clock value: Timer2 Stopped
                 ; 0000 00B8 // Mode: Normal top=0xFF
                 ; 0000 00B9 // OC2 output: Disconnected
                 ; 0000 00BA ASSR=0x00;
0000dd bde2      	OUT  0x22,R30
                 ; 0000 00BB TCCR2=0x00;
0000de bde5      	OUT  0x25,R30
                 ; 0000 00BC TCNT2=0x00;
0000df bde4      	OUT  0x24,R30
                 ; 0000 00BD OCR2=0x00;
0000e0 bde3      	OUT  0x23,R30
                 ; 0000 00BE 
                 ; 0000 00BF // External Interrupt(s) initialization
                 ; 0000 00C0 // INT0: On
                 ; 0000 00C1 // INT0 Mode: Rising Edge
                 ; 0000 00C2 // INT1: On
                 ; 0000 00C3 // INT1 Mode: Rising Edge
                 ; 0000 00C4 // INT2: Off
                 ; 0000 00C5 GICR|=0xC0;
0000e1 b7eb      	IN   R30,0x3B
0000e2 6ce0      	ORI  R30,LOW(0xC0)
0000e3 bfeb      	OUT  0x3B,R30
                 ; 0000 00C6 MCUCR=0x0F;
0000e4 e0ef      	LDI  R30,LOW(15)
0000e5 bfe5      	OUT  0x35,R30
                 ; 0000 00C7 MCUCSR=0x00;
0000e6 e0e0      	LDI  R30,LOW(0)
0000e7 bfe4      	OUT  0x34,R30
                 ; 0000 00C8 GIFR=0xC0;
0000e8 ece0      	LDI  R30,LOW(192)
0000e9 bfea      	OUT  0x3A,R30
                 ; 0000 00C9 
                 ; 0000 00CA // Timer(s)/Counter(s) Interrupt(s) initialization
                 ; 0000 00CB TIMSK=0x00;
0000ea e0e0      	LDI  R30,LOW(0)
0000eb bfe9      	OUT  0x39,R30
                 ; 0000 00CC 
                 ; 0000 00CD // USART initialization
                 ; 0000 00CE // USART disabled
                 ; 0000 00CF UCSRB=0x00;
0000ec b9ea      	OUT  0xA,R30
                 ; 0000 00D0 
                 ; 0000 00D1 // Analog Comparator initialization
                 ; 0000 00D2 // Analog Comparator: Off
                 ; 0000 00D3 // Analog Comparator Input Capture by Timer/Counter 1: Off
                 ; 0000 00D4 ACSR=0x80;
0000ed e8e0      	LDI  R30,LOW(128)
0000ee b9e8      	OUT  0x8,R30
                 ; 0000 00D5 SFIOR=0x00;
0000ef e0e0      	LDI  R30,LOW(0)
0000f0 bfe0      	OUT  0x30,R30
                 ; 0000 00D6 
                 ; 0000 00D7 // ADC initialization
                 ; 0000 00D8 // ADC disabled
                 ; 0000 00D9 ADCSRA=0x00;
0000f1 b9e6      	OUT  0x6,R30
                 ; 0000 00DA 
                 ; 0000 00DB // SPI initialization
                 ; 0000 00DC // SPI disabled
                 ; 0000 00DD SPCR=0x00;
0000f2 b9ed      	OUT  0xD,R30
                 ; 0000 00DE 
                 ; 0000 00DF // TWI initialization
                 ; 0000 00E0 // TWI disabled
                 ; 0000 00E1 TWCR=0x00;
0000f3 bfe6      	OUT  0x36,R30
                 ; 0000 00E2 
                 ; 0000 00E3 // Alphanumeric LCD initialization
                 ; 0000 00E4 // Connections are specified in the
                 ; 0000 00E5 // Project|Configure|C Compiler|Libraries|Alphanumeric LCD menu:
                 ; 0000 00E6 // RS - PORTA Bit 0
                 ; 0000 00E7 // RD - PORTA Bit 1
                 ; 0000 00E8 // EN - PORTA Bit 2
                 ; 0000 00E9 // D4 - PORTA Bit 4
                 ; 0000 00EA // D5 - PORTA Bit 5
                 ; 0000 00EB // D6 - PORTA Bit 6
                 ; 0000 00EC // D7 - PORTA Bit 7
                 ; 0000 00ED // Characters/line: 8
                 ; 0000 00EE lcd_init(16);
0000f4 e1a0      	LDI  R26,LOW(16)
0000f5 d0e7      	RCALL _lcd_init
                 ; 0000 00EF 
                 ; 0000 00F0 // Global enable interrupts
                 ; 0000 00F1 #asm("sei")
0000f6 9478      	sei
                 ; 0000 00F2 
                 ; 0000 00F3 while (1)
                 _0x1C:
                 ; 0000 00F4       {
                 ; 0000 00F5       /*PIND.6=5;
                 ; 0000 00F6       print(player1_score);
                 ; 0000 00F7       PIND.7=-1;
                 ; 0000 00F8       print(player2_score);*/
                 ; 0000 00F9       ///////////////////
                 ; 0000 00FA       lcd_gotoxy(ball_x,ball_y);
0000f7 924a      	ST   -Y,R4
0000f8 2da6      	MOV  R26,R6
0000f9 d095      	RCALL _lcd_gotoxy
                 ; 0000 00FB           lcd_puts("*");
                +
0000fa e6a0     +LDI R26 , LOW ( _0x1F + ( 0 ) )
0000fb e0b1     +LDI R27 , HIGH ( _0x1F + ( 0 ) )
                 	__POINTW2MN _0x1F,0
0000fc d0cf      	RCALL _lcd_puts
                 ; 0000 00FC           lcd_gotoxy(0,player1_y);
0000fd e0e0      	LDI  R30,LOW(0)
0000fe 93ea      	ST   -Y,R30
0000ff 2da8      	MOV  R26,R8
000100 d08e      	RCALL _lcd_gotoxy
                 ; 0000 00FD           lcd_puts("]");
                +
000101 e6a2     +LDI R26 , LOW ( _0x1F + ( 2 ) )
000102 e0b1     +LDI R27 , HIGH ( _0x1F + ( 2 ) )
                 	__POINTW2MN _0x1F,2
000103 d0c8      	RCALL _lcd_puts
                 ; 0000 00FE           lcd_gotoxy(15,player2_y);
000104 e0ef      	LDI  R30,LOW(15)
000105 93ea      	ST   -Y,R30
000106 2daa      	MOV  R26,R10
000107 d087      	RCALL _lcd_gotoxy
                 ; 0000 00FF           lcd_puts("[");
                +
000108 e6a4     +LDI R26 , LOW ( _0x1F + ( 4 ) )
000109 e0b1     +LDI R27 , HIGH ( _0x1F + ( 4 ) )
                 	__POINTW2MN _0x1F,4
00010a d105      	RCALL SUBOPT_0x1
                 ; 0000 0100           delay_ms(100);
                 ; 0000 0101           if(bool_x==1){
00010b 91a0 0184 	LDS  R26,_bool_x
00010d 91b0 0185 	LDS  R27,_bool_x+1
00010f 9711      	SBIW R26,1
000110 f419      	BRNE _0x20
                 ; 0000 0102           ball_x++;}
000111 01f2      	MOVW R30,R4
000112 9631      	ADIW R30,1
000113 012f      	MOVW R4,R30
                 ; 0000 0103           if(bool_x==0){
                 _0x20:
000114 91e0 0184 	LDS  R30,_bool_x
000116 91f0 0185 	LDS  R31,_bool_x+1
000118 9730      	SBIW R30,0
000119 f421      	BRNE _0x21
                 ; 0000 0104           ball_x--;}
00011a 01f2      	MOVW R30,R4
00011b 9731      	SBIW R30,1
00011c 012f      	MOVW R4,R30
00011d 9631      	ADIW R30,1
                 ; 0000 0105           if(bool_y==1){
                 _0x21:
00011e 91a0 0186 	LDS  R26,_bool_y
000120 91b0 0187 	LDS  R27,_bool_y+1
000122 9711      	SBIW R26,1
000123 f419      	BRNE _0x22
                 ; 0000 0106           ball_y++;}
000124 01f3      	MOVW R30,R6
000125 9631      	ADIW R30,1
000126 013f      	MOVW R6,R30
                 ; 0000 0107           if(bool_y==0){
                 _0x22:
000127 91e0 0186 	LDS  R30,_bool_y
000129 91f0 0187 	LDS  R31,_bool_y+1
00012b 9730      	SBIW R30,0
00012c f421      	BRNE _0x23
                 ; 0000 0108           ball_y--;}
00012d 01f3      	MOVW R30,R6
00012e 9731      	SBIW R30,1
00012f 013f      	MOVW R6,R30
000130 9631      	ADIW R30,1
                 ; 0000 0109           ////////////////////////
                 ; 0000 010A           if(ball_y==3)
                 _0x23:
000131 e0e3      	LDI  R30,LOW(3)
000132 e0f0      	LDI  R31,HIGH(3)
000133 15e6      	CP   R30,R6
000134 05f7      	CPC  R31,R7
000135 f429      	BRNE _0x24
                 ; 0000 010B             bool_y=0;
000136 e0e0      	LDI  R30,LOW(0)
000137 93e0 0186 	STS  _bool_y,R30
000139 93e0 0187 	STS  _bool_y+1,R30
                 ; 0000 010C           if(ball_y==0)
                 _0x24:
00013b 2c06      	MOV  R0,R6
00013c 2807      	OR   R0,R7
00013d f409      	BRNE _0x25
                 ; 0000 010D             bool_y=1;
00013e d0d6      	RCALL SUBOPT_0x2
                 ; 0000 010E           if(ball_x==1){
                 _0x25:
00013f e0e1      	LDI  R30,LOW(1)
000140 e0f0      	LDI  R31,HIGH(1)
000141 15e4      	CP   R30,R4
000142 05f5      	CPC  R31,R5
000143 f491      	BRNE _0x26
                 ; 0000 010F             bool_x=1;
000144 d0d7      	RCALL SUBOPT_0x3
                 ; 0000 0110           if(player1_y!=ball_y){
                +
000145 1468     +CP R6 , R8
000146 0479     +CPC R7 , R9
                 	__CPWRR 6,7,8,9
000147 f071      	BREQ _0x27
                 ; 0000 0111             player1_y=0;
000148 d0da      	RCALL SUBOPT_0x4
                 ; 0000 0112             player2_y=0;
                 ; 0000 0113             ball_x=7;
                 ; 0000 0114             ball_y=2;
                 ; 0000 0115             bool_x=1;
                 ; 0000 0116             bool_y=1;
000149 d0cb      	RCALL SUBOPT_0x2
                 ; 0000 0117             player2_score++;
00014a e8a2      	LDI  R26,LOW(_player2_score)
00014b e0b1      	LDI  R27,HIGH(_player2_score)
00014c 91ed      	LD   R30,X+
00014d 91fd      	LD   R31,X+
00014e 9631      	ADIW R30,1
00014f 93fe      	ST   -X,R31
000150 93ee      	ST   -X,R30
000151 9731      	SBIW R30,1
                 ; 0000 0118             lcd_clear();
000152 d04d      	RCALL _lcd_clear
                 ; 0000 0119             lcd_puts("player 2 wins");
                +
000153 e6a6     +LDI R26 , LOW ( _0x1F + ( 6 ) )
000154 e0b1     +LDI R27 , HIGH ( _0x1F + ( 6 ) )
                 	__POINTW2MN _0x1F,6
000155 d0ba      	RCALL SUBOPT_0x1
                 ; 0000 011A             delay_ms(100);
                 ; 0000 011B           }
                 ; 0000 011C           }
                 _0x27:
                 ; 0000 011D           if(ball_x==14){
                 _0x26:
000156 e0ee      	LDI  R30,LOW(14)
000157 e0f0      	LDI  R31,HIGH(14)
000158 15e4      	CP   R30,R4
000159 05f5      	CPC  R31,R5
00015a f489      	BRNE _0x28
                 ; 0000 011E             bool_x=0;
00015b e0e0      	LDI  R30,LOW(0)
00015c 93e0 0184 	STS  _bool_x,R30
00015e 93e0 0185 	STS  _bool_x+1,R30
                 ; 0000 011F           if(player2_y!=ball_y){
                +
000160 146a     +CP R6 , R10
000161 047b     +CPC R7 , R11
                 	__CPWRR 6,7,10,11
000162 f049      	BREQ _0x29
                 ; 0000 0120             player1_y=0;
000163 d0bf      	RCALL SUBOPT_0x4
                 ; 0000 0121             player2_y=0;
                 ; 0000 0122             ball_x=7;
                 ; 0000 0123             ball_y=2;
                 ; 0000 0124             bool_x=1;
                 ; 0000 0125             bool_y=1;
000164 d0b0      	RCALL SUBOPT_0x2
                 ; 0000 0126             player1_score++;
000165 01f6      	MOVW R30,R12
000166 9631      	ADIW R30,1
000167 016f      	MOVW R12,R30
                 ; 0000 0127             lcd_clear();
000168 d037      	RCALL _lcd_clear
                 ; 0000 0128             lcd_puts("player 1 wins");
                +
000169 e7a4     +LDI R26 , LOW ( _0x1F + ( 20 ) )
00016a e0b1     +LDI R27 , HIGH ( _0x1F + ( 20 ) )
                 	__POINTW2MN _0x1F,20
00016b d0a4      	RCALL SUBOPT_0x1
                 ; 0000 0129             delay_ms(100);
                 ; 0000 012A           }
                 ; 0000 012B           }
                 _0x29:
                 ; 0000 012C           lcd_clear();
                 _0x28:
00016c d033      	RCALL _lcd_clear
                 ; 0000 012D       }
00016d cf89      	RJMP _0x1C
                 ; 0000 012E 
                 ; 0000 012F 
                 ; 0000 0130 }
                 _0x2A:
00016e cfff      	RJMP _0x2A
                 
                 	.DSEG
                 _0x1F:
000160           	.BYTE 0x22
                 	#ifndef __SLEEP_DEFINED__
                 	#endif
                 
                 	.DSEG
                 
                 	.CSEG
                 __lcd_write_nibble_G100:
00016f 93aa      	ST   -Y,R26
000170 b3eb      	IN   R30,0x1B
000171 70ef      	ANDI R30,LOW(0xF)
000172 2fae      	MOV  R26,R30
000173 81e8      	LD   R30,Y
000174 7fe0      	ANDI R30,LOW(0xF0)
000175 2bea      	OR   R30,R26
000176 bbeb      	OUT  0x1B,R30
                +
000177 e085     +LDI R24 , LOW ( 5 )
                +__DELAY_USB_LOOP :
000178 958a     +DEC R24
000179 f7f1     +BRNE __DELAY_USB_LOOP
                 	__DELAY_USB 5
00017a 9ada      	SBI  0x1B,2
                +
00017b e08d     +LDI R24 , LOW ( 13 )
                +__DELAY_USB_LOOP :
00017c 958a     +DEC R24
00017d f7f1     +BRNE __DELAY_USB_LOOP
                 	__DELAY_USB 13
00017e 98da      	CBI  0x1B,2
                +
00017f e08d     +LDI R24 , LOW ( 13 )
                +__DELAY_USB_LOOP :
000180 958a     +DEC R24
000181 f7f1     +BRNE __DELAY_USB_LOOP
                 	__DELAY_USB 13
000182 c084      	RJMP _0x2020001
                 __lcd_write_data:
000183 93aa      	ST   -Y,R26
000184 81a8      	LD   R26,Y
000185 dfe9      	RCALL __lcd_write_nibble_G100
000186 81e8          ld    r30,y
000187 95e2          swap  r30
000188 83e8          st    y,r30
000189 81a8      	LD   R26,Y
00018a dfe4      	RCALL __lcd_write_nibble_G100
                +
00018b e885     +LDI R24 , LOW ( 133 )
                +__DELAY_USB_LOOP :
00018c 958a     +DEC R24
00018d f7f1     +BRNE __DELAY_USB_LOOP
                 	__DELAY_USB 133
00018e c078      	RJMP _0x2020001
                 _lcd_gotoxy:
00018f 93aa      	ST   -Y,R26
000190 81e8      	LD   R30,Y
000191 e0f0      	LDI  R31,0
000192 57e8      	SUBI R30,LOW(-__base_y_G100)
000193 4ffe      	SBCI R31,HIGH(-__base_y_G100)
000194 81e0      	LD   R30,Z
000195 81a9      	LDD  R26,Y+1
000196 0fae      	ADD  R26,R30
000197 dfeb      	RCALL __lcd_write_data
000198 81e9      	LDD  R30,Y+1
000199 93e0 018c 	STS  __lcd_x,R30
00019b 81e8      	LD   R30,Y
00019c 93e0 018d 	STS  __lcd_y,R30
00019e 9622      	ADIW R28,2
00019f 9508      	RET
                 _lcd_clear:
0001a0 e0a2      	LDI  R26,LOW(2)
0001a1 d08c      	RCALL SUBOPT_0x5
0001a2 e0ac      	LDI  R26,LOW(12)
0001a3 dfdf      	RCALL __lcd_write_data
0001a4 e0a1      	LDI  R26,LOW(1)
0001a5 d088      	RCALL SUBOPT_0x5
0001a6 e0e0      	LDI  R30,LOW(0)
0001a7 93e0 018d 	STS  __lcd_y,R30
0001a9 93e0 018c 	STS  __lcd_x,R30
0001ab 9508      	RET
                 _lcd_putchar:
0001ac 93aa      	ST   -Y,R26
0001ad 81a8      	LD   R26,Y
0001ae 30aa      	CPI  R26,LOW(0xA)
0001af f031      	BREQ _0x2000005
0001b0 91e0 018e 	LDS  R30,__lcd_maxx
0001b2 91a0 018c 	LDS  R26,__lcd_x
0001b4 17ae      	CP   R26,R30
0001b5 f060      	BRLO _0x2000004
                 _0x2000005:
0001b6 e0e0      	LDI  R30,LOW(0)
0001b7 93ea      	ST   -Y,R30
0001b8 91a0 018d 	LDS  R26,__lcd_y
0001ba 5faf      	SUBI R26,-LOW(1)
0001bb 93a0 018d 	STS  __lcd_y,R26
0001bd dfd1      	RCALL _lcd_gotoxy
0001be 81a8      	LD   R26,Y
0001bf 30aa      	CPI  R26,LOW(0xA)
0001c0 f409      	BRNE _0x2000007
0001c1 c045      	RJMP _0x2020001
                 _0x2000007:
                 _0x2000004:
0001c2 91e0 018c 	LDS  R30,__lcd_x
0001c4 5fef      	SUBI R30,-LOW(1)
0001c5 93e0 018c 	STS  __lcd_x,R30
0001c7 9ad8      	SBI  0x1B,0
0001c8 81a8      	LD   R26,Y
0001c9 dfb9      	RCALL __lcd_write_data
0001ca 98d8      	CBI  0x1B,0
0001cb c03b      	RJMP _0x2020001
                 _lcd_puts:
0001cc 93ba      	ST   -Y,R27
0001cd 93aa      	ST   -Y,R26
0001ce 931a      	ST   -Y,R17
                 _0x2000008:
0001cf 81a9      	LDD  R26,Y+1
0001d0 81ba      	LDD  R27,Y+1+1
0001d1 91ed      	LD   R30,X+
0001d2 83a9      	STD  Y+1,R26
0001d3 83ba      	STD  Y+1+1,R27
0001d4 2f1e      	MOV  R17,R30
0001d5 30e0      	CPI  R30,0
0001d6 f019      	BREQ _0x200000A
0001d7 2fa1      	MOV  R26,R17
0001d8 dfd3      	RCALL _lcd_putchar
0001d9 cff5      	RJMP _0x2000008
                 _0x200000A:
0001da 8118      	LDD  R17,Y+0
0001db 9623      	ADIW R28,3
0001dc 9508      	RET
                 _lcd_init:
0001dd 93aa      	ST   -Y,R26
0001de b3ea      	IN   R30,0x1A
0001df 6fe0      	ORI  R30,LOW(0xF0)
0001e0 bbea      	OUT  0x1A,R30
0001e1 9ad2      	SBI  0x1A,2
0001e2 9ad0      	SBI  0x1A,0
0001e3 9ad1      	SBI  0x1A,1
0001e4 98da      	CBI  0x1B,2
0001e5 98d8      	CBI  0x1B,0
0001e6 98d9      	CBI  0x1B,1
0001e7 81e8      	LD   R30,Y
0001e8 93e0 018e 	STS  __lcd_maxx,R30
0001ea 58e0      	SUBI R30,-LOW(128)
                +
0001eb 93e0 018a+STS __base_y_G100 + ( 2 ) , R30
                 	__PUTB1MN __base_y_G100,2
0001ed 81e8      	LD   R30,Y
0001ee 54e0      	SUBI R30,-LOW(192)
                +
0001ef 93e0 018b+STS __base_y_G100 + ( 3 ) , R30
                 	__PUTB1MN __base_y_G100,3
0001f1 e1a4      	LDI  R26,LOW(20)
0001f2 e0b0      	LDI  R27,0
0001f3 940e 023a 	CALL _delay_ms
0001f5 d03d      	RCALL SUBOPT_0x6
0001f6 d03c      	RCALL SUBOPT_0x6
0001f7 d03b      	RCALL SUBOPT_0x6
0001f8 e2a0      	LDI  R26,LOW(32)
0001f9 df75      	RCALL __lcd_write_nibble_G100
                +
0001fa ec88     +LDI R24 , LOW ( 200 )
0001fb e090     +LDI R25 , HIGH ( 200 )
                +__DELAY_USW_LOOP :
0001fc 9701     +SBIW R24 , 1
0001fd f7f1     +BRNE __DELAY_USW_LOOP
                 	__DELAY_USW 200
0001fe e2a8      	LDI  R26,LOW(40)
0001ff df83      	RCALL __lcd_write_data
000200 e0a4      	LDI  R26,LOW(4)
000201 df81      	RCALL __lcd_write_data
000202 e8a5      	LDI  R26,LOW(133)
000203 df7f      	RCALL __lcd_write_data
000204 e0a6      	LDI  R26,LOW(6)
000205 df7d      	RCALL __lcd_write_data
000206 df99      	RCALL _lcd_clear
                 _0x2020001:
000207 9621      	ADIW R28,1
000208 9508      	RET
                 
                 	.DSEG
                 _player2_score:
000182           	.BYTE 0x2
                 _bool_x:
000184           	.BYTE 0x2
                 _bool_y:
000186           	.BYTE 0x2
                 __base_y_G100:
000188           	.BYTE 0x4
                 __lcd_x:
00018c           	.BYTE 0x1
                 __lcd_y:
00018d           	.BYTE 0x1
                 __lcd_maxx:
00018e           	.BYTE 0x1
                 
                 	.CSEG
                 ;OPTIMIZER ADDED SUBROUTINE, CALLED 2 TIMES, CODE SIZE REDUCTION:1 WORDS
                 SUBOPT_0x0:
000209 920a      	ST   -Y,R0
00020a 93aa      	ST   -Y,R26
00020b 93ea      	ST   -Y,R30
00020c 93fa      	ST   -Y,R31
00020d b7ef      	IN   R30,SREG
00020e 93ea      	ST   -Y,R30
00020f 9508      	RET
                 
                 ;OPTIMIZER ADDED SUBROUTINE, CALLED 3 TIMES, CODE SIZE REDUCTION:9 WORDS
                 SUBOPT_0x1:
000210 dfbb      	RCALL _lcd_puts
000211 e6a4      	LDI  R26,LOW(100)
000212 e0b0      	LDI  R27,0
000213 940c 023a 	JMP  _delay_ms
                 
                 ;OPTIMIZER ADDED SUBROUTINE, CALLED 3 TIMES, CODE SIZE REDUCTION:5 WORDS
                 SUBOPT_0x2:
000215 e0e1      	LDI  R30,LOW(1)
000216 e0f0      	LDI  R31,HIGH(1)
000217 93e0 0186 	STS  _bool_y,R30
000219 93f0 0187 	STS  _bool_y+1,R31
00021b 9508      	RET
                 
                 ;OPTIMIZER ADDED SUBROUTINE, CALLED 3 TIMES, CODE SIZE REDUCTION:5 WORDS
                 SUBOPT_0x3:
00021c e0e1      	LDI  R30,LOW(1)
00021d e0f0      	LDI  R31,HIGH(1)
00021e 93e0 0184 	STS  _bool_x,R30
000220 93f0 0185 	STS  _bool_x+1,R31
000222 9508      	RET
                 
                 ;OPTIMIZER ADDED SUBROUTINE, CALLED 2 TIMES, CODE SIZE REDUCTION:7 WORDS
                 SUBOPT_0x4:
000223 2488      	CLR  R8
000224 2499      	CLR  R9
000225 24aa      	CLR  R10
000226 24bb      	CLR  R11
000227 e0e7      	LDI  R30,LOW(7)
000228 e0f0      	LDI  R31,HIGH(7)
000229 012f      	MOVW R4,R30
00022a e0e2      	LDI  R30,LOW(2)
00022b e0f0      	LDI  R31,HIGH(2)
00022c 013f      	MOVW R6,R30
00022d cfee      	RJMP SUBOPT_0x3
                 
                 ;OPTIMIZER ADDED SUBROUTINE, CALLED 2 TIMES, CODE SIZE REDUCTION:3 WORDS
                 SUBOPT_0x5:
00022e df54      	RCALL __lcd_write_data
00022f e0a3      	LDI  R26,LOW(3)
000230 e0b0      	LDI  R27,0
000231 940c 023a 	JMP  _delay_ms
                 
                 ;OPTIMIZER ADDED SUBROUTINE, CALLED 3 TIMES, CODE SIZE REDUCTION:7 WORDS
                 SUBOPT_0x6:
000233 e3a0      	LDI  R26,LOW(48)
000234 df3a      	RCALL __lcd_write_nibble_G100
                +
000235 ec88     +LDI R24 , LOW ( 200 )
000236 e090     +LDI R25 , HIGH ( 200 )
                +__DELAY_USW_LOOP :
000237 9701     +SBIW R24 , 1
000238 f7f1     +BRNE __DELAY_USW_LOOP
                 	__DELAY_USW 200
000239 9508      	RET
                 
                 
                 	.CSEG
                 _delay_ms:
00023a 9610      	adiw r26,0
00023b f039      	breq __delay_ms1
                 __delay_ms0:
                +
00023c ed80     +LDI R24 , LOW ( 0x7D0 )
00023d e097     +LDI R25 , HIGH ( 0x7D0 )
                +__DELAY_USW_LOOP :
00023e 9701     +SBIW R24 , 1
00023f f7f1     +BRNE __DELAY_USW_LOOP
                 	__DELAY_USW 0x7D0
000240 95a8      	wdr
000241 9711      	sbiw r26,1
000242 f7c9      	brne __delay_ms0
                 __delay_ms1:
000243 9508      	ret
                 
                 ;END OF CODE MARKER
                 __END_OF_CODE:


RESOURCE USE INFORMATION
------------------------

Notice:
The register and instruction counts are symbol table hit counts,
and hence implicitly used resources are not counted, eg, the
'lpm' instruction without operands implicitly uses r0 and z,
none of which are counted.

x,y,z are separate entities in the symbol table and are
counted separately from r26..r31 here.

.dseg memory usage only counts static data declared with .byte

ATmega16 register use summary:
r0 :  12 r1 :   1 r2 :   0 r3 :   0 r4 :   8 r5 :   2 r6 :  10 r7 :   4 
r8 :   8 r9 :   4 r10:   8 r11:   4 r12:   2 r13:   0 r14:   0 r15:   0 
r16:   0 r17:   4 r18:   0 r19:   0 r20:   0 r21:   0 r22:   2 r23:   0 
r24:  21 r25:   5 r26:  64 r27:  16 r28:   4 r29:   1 r30: 174 r31:  29 
x  :   8 y  :  41 z  :   8 
Registers used: 24 out of 35 (68.6%)

ATmega16 instruction use summary:
.lds  :   0 .lds.l:   0 .sts  :   0 .sts.l:   0 adc   :   0 add   :   1 
adiw  :  12 and   :   0 andi  :   2 asr   :   0 bclr  :   0 bld   :   0 
brbc  :   0 brbs  :   0 brcc  :   0 brcs  :   0 break :   0 breq  :   8 
brge  :   0 brhc  :   0 brhs  :   0 brid  :   0 brie  :   0 brlo  :   1 
brlt  :   0 brmi  :   0 brne  :  24 brpl  :   0 brsh  :   0 brtc  :   0 
brts  :   0 brvc  :   0 brvs  :   0 bset  :   0 bst   :   0 call  :   3 
cbi   :   5 cbr   :   0 clc   :   0 clh   :   0 cli   :   1 cln   :   0 
clr   :   6 cls   :   0 clt   :   0 clv   :   0 clz   :   0 com   :   0 
cp    :   8 cpc   :   7 cpi   :   5 cpse  :   0 dec   :   5 des   :   0 
eor   :   0 fmul  :   0 fmuls :   0 fmulsu:   0 icall :   0 ijmp  :   0 
in    :   4 inc   :   0 jmp   :  24 ld    :  20 ldd   :   5 ldi   :  91 
lds   :  12 lpm   :   7 lsl   :   0 lsr   :   0 mov   :   9 movw  :  21 
mul   :   0 muls  :   0 mulsu :   0 neg   :   0 nop   :   0 or    :   4 
ori   :   2 out   :  47 pop   :   0 push  :   0 rcall :  39 ret   :   9 
reti  :   1 rjmp  :  14 rol   :   0 ror   :   0 sbc   :   0 sbci  :   1 
sbi   :   5 sbic  :   2 sbis  :   0 sbiw  :  16 sbr   :   0 sbrc  :   0 
sbrs  :   0 sec   :   0 seh   :   0 sei   :   1 sen   :   0 ser   :   0 
ses   :   0 set   :   0 sev   :   0 sez   :   0 sleep :   0 spm   :   0 
st    :  23 std   :   2 sts   :  17 sub   :   0 subi  :   5 swap  :   1 
tst   :   0 wdr   :   1 
Instructions used: 41 out of 116 (35.3%)

ATmega16 memory use summary [bytes]:
Segment   Begin    End      Code   Data   Used    Size   Use%
---------------------------------------------------------------
[.cseg] 0x000000 0x000488   1054    106   1160   16384   7.1%
[.dseg] 0x000060 0x00018f      0     47     47    1119   4.2%
[.eseg] 0x000000 0x000000      0      0      0     512   0.0%

Assembly complete, 0 errors, 7 warnings
